          ok  Starting native_osx for sync www-data
          ok  www-data container still running, restarting unison in container
unison: stopped
unison: started
     success  Sync container started
     success  Showing unison logs from your sync container: www-data
          ok  Starting native_osx for sync mysql-data
          ok  mysql-data container still running, restarting unison in container
unison: stopped
unison: started
     success  Sync container started
     success  Showing unison logs from your sync container: mysql-data
[2019-09-09 13:15:32 +0900] Sync Log:  UNISON 2.51.2 (OCAML 4.06.1) started propagating changes at 13:15:31.82 on 09 Sep 2019
[2019-09-09 13:15:32 +0900] Sync Log:  [BGN] Copying 9e34ce5be07a.pid from /app_sync to /host_sync
[2019-09-09 13:15:32 +0900] Sync Log:  [END] Copying 9e34ce5be07a.pid
[2019-09-09 13:15:32 +0900] Sync Log:  [BGN] Copying ibtmp1 from /app_sync to /host_sync
[2019-09-09 13:15:33 +0900] Sync Log:  Failed: The source file /app_sync/ibtmp1
[2019-09-09 13:15:33 +0900] Sync Log:  has been modified during synchronization.  Transfer aborted.
[2019-09-09 13:15:33 +0900] Sync Log:  UNISON 2.51.2 (OCAML 4.06.1) finished propagating changes at 13:15:32.51 on 09 Sep 2019
[2019-09-09 13:15:33 +0900] Sync Log:  Synchronization incomplete at 13:15:32  (1 item transferred, 0 skipped, 1 failed)
[2019-09-09 13:15:33 +0900] Sync Log:    failed: ibtmp1
[2019-09-09 13:15:34 +0900] Sync Log:  UNISON 2.51.2 (OCAML 4.06.1) started propagating changes at 13:15:33.97 on 09 Sep 2019
[2019-09-09 13:15:34 +0900] Sync Log:  [BGN] Updating file ib_logfile0 from /app_sync to /host_sync
[2019-09-09 13:15:36 +0900] Sync Log:  [END] Updating file ib_logfile0
[2019-09-09 13:15:36 +0900] Sync Log:  [BGN] Updating file ibdata1 from /app_sync to /host_sync
[2019-09-09 13:15:39 +0900] Sync Log:  [END] Updating file ibdata1
[2019-09-09 13:15:39 +0900] Sync Log:  [BGN] Copying ibtmp1 from /app_sync to /host_sync
[2019-09-09 13:15:39 +0900] Sync Log:  [END] Copying ibtmp1
[2019-09-09 13:15:39 +0900] Sync Log:  UNISON 2.51.2 (OCAML 4.06.1) finished propagating changes at 13:15:38.76 on 09 Sep 2019
[2019-09-09 13:15:39 +0900] Sync Log:  Synchronization complete at 13:15:38  (3 items transferred, 0 skipped, 0 failed)
[2019-09-09 13:15:53 +0900] Sync Log:  UNISON 2.51.2 (OCAML 4.06.1) started propagating changes at 13:15:52.59 on 09 Sep 2019
[2019-09-09 13:15:53 +0900] Sync Log:  [BGN] Updating file ib_logfile0 from /app_sync to /host_sync
[2019-09-09 13:15:55 +0900] Sync Log:  Failed: The source file /app_sync/ib_logfile0
[2019-09-09 13:15:55 +0900] Sync Log:  has been modified during synchronization.  Transfer aborted.
[2019-09-09 13:15:55 +0900] Sync Log:  UNISON 2.51.2 (OCAML 4.06.1) finished propagating changes at 13:15:54.43 on 09 Sep 2019
[2019-09-09 13:15:55 +0900] Sync Log:  Synchronization incomplete at 13:15:54  (0 items transferred, 0 skipped, 1 failed)
[2019-09-09 13:15:55 +0900] Sync Log:    failed: ib_logfile0
[2019-09-09 13:15:56 +0900] Sync Log:  UNISON 2.51.2 (OCAML 4.06.1) started propagating changes at 13:15:55.96 on 09 Sep 2019
[2019-09-09 13:15:56 +0900] Sync Log:  [BGN] Updating file ib_logfile0 from /app_sync to /host_sync
[2019-09-09 13:15:58 +0900] Sync Log:  [END] Updating file ib_logfile0
[2019-09-09 13:15:58 +0900] Sync Log:  [BGN] Updating file ibdata1 from /app_sync to /host_sync
[2019-09-09 13:16:01 +0900] Sync Log:  [END] Updating file ibdata1
[2019-09-09 13:16:01 +0900] Sync Log:  [BGN] Updating file laravel/sessions.ibd from /app_sync to /host_sync
[2019-09-09 13:16:01 +0900] Sync Log:  [END] Updating file laravel/sessions.ibd
[2019-09-09 13:16:01 +0900] Sync Log:  UNISON 2.51.2 (OCAML 4.06.1) finished propagating changes at 13:16:01.22 on 09 Sep 2019
[2019-09-09 13:16:01 +0900] Sync Log:  Synchronization complete at 13:16:01  (3 items transferred, 0 skipped, 0 failed)
[2019-09-09 13:16:04 +0900] Sync Log:  UNISON 2.51.2 (OCAML 4.06.1) started propagating changes at 13:16:03.79 on 09 Sep 2019
[2019-09-09 13:16:04 +0900] Sync Log:  [BGN] Updating file ib_logfile0 from /app_sync to /host_sync
[2019-09-09 13:16:05 +0900] Sync Log:  Failed: The source file /app_sync/ib_logfile0
[2019-09-09 13:16:05 +0900] Sync Log:  has been modified during synchronization.  Transfer aborted.
[2019-09-09 13:16:05 +0900] Sync Log:  UNISON 2.51.2 (OCAML 4.06.1) finished propagating changes at 13:16:05.01 on 09 Sep 2019
[2019-09-09 13:16:05 +0900] Sync Log:  Synchronization incomplete at 13:16:05  (0 items transferred, 0 skipped, 1 failed)
[2019-09-09 13:16:05 +0900] Sync Log:    failed: ib_logfile0
[2019-09-09 13:16:06 +0900] Sync Log:  UNISON 2.51.2 (OCAML 4.06.1) started propagating changes at 13:16:06.36 on 09 Sep 2019
[2019-09-09 13:16:06 +0900] Sync Log:  [BGN] Updating file ib_logfile0 from /app_sync to /host_sync
[2019-09-09 13:16:08 +0900] Sync Log:  [END] Updating file ib_logfile0
[2019-09-09 13:16:08 +0900] Sync Log:  [BGN] Updating file ibdata1 from /app_sync to /host_sync
[2019-09-09 13:16:10 +0900] Sync Log:  [END] Updating file ibdata1
[2019-09-09 13:16:10 +0900] Sync Log:  [BGN] Updating file laravel/sessions.ibd from /app_sync to /host_sync
[2019-09-09 13:16:10 +0900] Sync Log:  [END] Updating file laravel/sessions.ibd
[2019-09-09 13:16:10 +0900] Sync Log:  UNISON 2.51.2 (OCAML 4.06.1) finished propagating changes at 13:16:10.36 on 09 Sep 2019
[2019-09-09 13:16:10 +0900] Sync Log:  Synchronization complete at 13:16:10  (3 items transferred, 0 skipped, 0 failed)
[2019-09-09 13:16:13 +0900] Sync Log:  UNISON 2.51.2 (OCAML 4.06.1) started propagating changes at 13:16:13.18 on 09 Sep 2019
[2019-09-09 13:16:13 +0900] Sync Log:  [BGN] Updating file ib_logfile0 from /app_sync to /host_sync
[2019-09-09 13:16:15 +0900] Sync Log:  Failed: The source file /app_sync/ib_logfile0
[2019-09-09 13:16:15 +0900] Sync Log:  has been modified during synchronization.  Transfer aborted.
[2019-09-09 13:16:15 +0900] Sync Log:  UNISON 2.51.2 (OCAML 4.06.1) finished propagating changes at 13:16:14.60 on 09 Sep 2019
[2019-09-09 13:16:15 +0900] Sync Log:  Synchronization incomplete at 13:16:14  (0 items transferred, 0 skipped, 1 failed)
[2019-09-09 13:16:15 +0900] Sync Log:    failed: ib_logfile0
[2019-09-09 13:16:16 +0900] Sync Log:  UNISON 2.51.2 (OCAML 4.06.1) started propagating changes at 13:16:16.04 on 09 Sep 2019
[2019-09-09 13:16:16 +0900] Sync Log:  [BGN] Updating file ib_logfile0 from /app_sync to /host_sync
[2019-09-09 13:16:19 +0900] Sync Log:  [END] Updating file ib_logfile0
[2019-09-09 13:16:19 +0900] Sync Log:  [BGN] Updating file ibdata1 from /app_sync to /host_sync
[2019-09-09 13:16:22 +0900] Sync Log:  [END] Updating file ibdata1
[2019-09-09 13:16:22 +0900] Sync Log:  [BGN] Updating file laravel/sessions.ibd from /app_sync to /host_sync
[2019-09-09 13:16:22 +0900] Sync Log:  [END] Updating file laravel/sessions.ibd
[2019-09-09 13:16:22 +0900] Sync Log:  UNISON 2.51.2 (OCAML 4.06.1) finished propagating changes at 13:16:22.20 on 09 Sep 2019
[2019-09-09 13:16:22 +0900] Sync Log:  Synchronization complete at 13:16:22  (3 items transferred, 0 skipped, 0 failed)
[2019-09-09 13:16:24 +0900] Sync Log:  UNISON 2.51.2 (OCAML 4.06.1) started propagating changes at 13:16:23.89 on 09 Sep 2019
[2019-09-09 13:16:24 +0900] Sync Log:  [BGN] Updating file ib_logfile0 from /app_sync to /host_sync
[2019-09-09 13:16:25 +0900] Sync Log:  Failed: The source file /app_sync/ib_logfile0
[2019-09-09 13:16:25 +0900] Sync Log:  has been modified during synchronization.  Transfer aborted.
[2019-09-09 13:16:25 +0900] Sync Log:  [BGN] Updating file ibdata1 from /app_sync to /host_sync
[2019-09-09 13:16:28 +0900] Sync Log:  [END] Updating file ibdata1
[2019-09-09 13:16:28 +0900] Sync Log:  [BGN] Updating file laravel/sessions.ibd from /app_sync to /host_sync
[2019-09-09 13:16:28 +0900] Sync Log:  [END] Updating file laravel/sessions.ibd
[2019-09-09 13:16:28 +0900] Sync Log:  UNISON 2.51.2 (OCAML 4.06.1) finished propagating changes at 13:16:27.80 on 09 Sep 2019
[2019-09-09 13:16:28 +0900] Sync Log:  Synchronization incomplete at 13:16:27  (2 items transferred, 0 skipped, 1 failed)
[2019-09-09 13:16:28 +0900] Sync Log:    failed: ib_logfile0
[2019-09-09 13:16:29 +0900] Sync Log:  UNISON 2.51.2 (OCAML 4.06.1) started propagating changes at 13:16:28.97 on 09 Sep 2019
[2019-09-09 13:16:29 +0900] Sync Log:  [BGN] Updating file ib_logfile0 from /app_sync to /host_sync
[2019-09-09 13:16:32 +0900] Sync Log:  [END] Updating file ib_logfile0
[2019-09-09 13:16:32 +0900] Sync Log:  UNISON 2.51.2 (OCAML 4.06.1) finished propagating changes at 13:16:31.59 on 09 Sep 2019
[2019-09-09 13:16:32 +0900] Sync Log:  Synchronization complete at 13:16:31  (1 item transferred, 0 skipped, 0 failed)
[2019-09-09 13:16:38 +0900] Sync Log:  UNISON 2.51.2 (OCAML 4.06.1) started propagating changes at 13:16:38.20 on 09 Sep 2019
[2019-09-09 13:16:38 +0900] Sync Log:  [BGN] Updating file ib_logfile0 from /app_sync to /host_sync
[2019-09-09 13:16:40 +0900] Sync Log:  [END] Updating file ib_logfile0
[2019-09-09 13:16:40 +0900] Sync Log:  UNISON 2.51.2 (OCAML 4.06.1) finished propagating changes at 13:16:40.04 on 09 Sep 2019
[2019-09-09 13:16:40 +0900] Sync Log:  Synchronization complete at 13:16:40  (1 item transferred, 0 skipped, 0 failed)
[2019-09-09 13:16:42 +0900] Sync Log:  UNISON 2.51.2 (OCAML 4.06.1) started propagating changes at 13:16:41.49 on 09 Sep 2019
[2019-09-09 13:16:42 +0900] Sync Log:  [BGN] Updating file ib_logfile0 from /app_sync to /host_sync
[2019-09-09 13:16:43 +0900] Sync Log:  Failed: The source file /app_sync/ib_logfile0
[2019-09-09 13:16:43 +0900] Sync Log:  has been modified during synchronization.  Transfer aborted.
[2019-09-09 13:16:43 +0900] Sync Log:  [BGN] Updating file ibdata1 from /app_sync to /host_sync
[2019-09-09 13:16:46 +0900] Sync Log:  [END] Updating file ibdata1
[2019-09-09 13:16:46 +0900] Sync Log:  [BGN] Updating file laravel/sessions.ibd from /app_sync to /host_sync
[2019-09-09 13:16:46 +0900] Sync Log:  [END] Updating file laravel/sessions.ibd
[2019-09-09 13:16:46 +0900] Sync Log:  UNISON 2.51.2 (OCAML 4.06.1) finished propagating changes at 13:16:45.35 on 09 Sep 2019
[2019-09-09 13:16:46 +0900] Sync Log:  Synchronization incomplete at 13:16:45  (2 items transferred, 0 skipped, 1 failed)
[2019-09-09 13:16:46 +0900] Sync Log:    failed: ib_logfile0
[2019-09-09 13:16:47 +0900] Sync Log:  UNISON 2.51.2 (OCAML 4.06.1) started propagating changes at 13:16:46.47 on 09 Sep 2019
[2019-09-09 13:16:47 +0900] Sync Log:  [BGN] Updating file ib_logfile0 from /app_sync to /host_sync
[2019-09-09 13:16:48 +0900] Sync Log:  [END] Updating file ib_logfile0
[2019-09-09 13:16:48 +0900] Sync Log:  UNISON 2.51.2 (OCAML 4.06.1) finished propagating changes at 13:16:48.03 on 09 Sep 2019
[2019-09-09 13:16:48 +0900] Sync Log:  Synchronization complete at 13:16:48  (1 item transferred, 0 skipped, 0 failed)
[2019-09-09 13:16:51 +0900] Sync Log:  UNISON 2.51.2 (OCAML 4.06.1) started propagating changes at 13:16:51.03 on 09 Sep 2019
[2019-09-09 13:16:51 +0900] Sync Log:  [BGN] Updating file ib_logfile0 from /app_sync to /host_sync
[2019-09-09 13:16:53 +0900] Sync Log:  [END] Updating file ib_logfile0
[2019-09-09 13:16:53 +0900] Sync Log:  UNISON 2.51.2 (OCAML 4.06.1) finished propagating changes at 13:16:52.49 on 09 Sep 2019
[2019-09-09 13:16:53 +0900] Sync Log:  Synchronization complete at 13:16:52  (1 item transferred, 0 skipped, 0 failed)
[2019-09-09 13:16:54 +0900] Sync Log:  UNISON 2.51.2 (OCAML 4.06.1) started propagating changes at 13:16:53.69 on 09 Sep 2019
[2019-09-09 13:16:54 +0900] Sync Log:  [BGN] Updating file ibdata1 from /app_sync to /host_sync
[2019-09-09 13:16:57 +0900] Sync Log:  [END] Updating file ibdata1
[2019-09-09 13:16:57 +0900] Sync Log:  [BGN] Updating file laravel/sessions.ibd from /app_sync to /host_sync
[2019-09-09 13:16:57 +0900] Sync Log:  Failed: The source file /app_sync/laravel/sessions.ibd
[2019-09-09 13:16:57 +0900] Sync Log:  has been modified during synchronization.  Transfer aborted.
[2019-09-09 13:16:57 +0900] Sync Log:  UNISON 2.51.2 (OCAML 4.06.1) finished propagating changes at 13:16:56.80 on 09 Sep 2019
[2019-09-09 13:16:57 +0900] Sync Log:  Synchronization incomplete at 13:16:56  (1 item transferred, 0 skipped, 1 failed)
[2019-09-09 13:16:57 +0900] Sync Log:    failed: laravel/sessions.ibd
[2019-09-09 13:16:58 +0900] Sync Log:  UNISON 2.51.2 (OCAML 4.06.1) started propagating changes at 13:16:58.13 on 09 Sep 2019
[2019-09-09 13:16:58 +0900] Sync Log:  [BGN] Updating file ibdata1 from /app_sync to /host_sync
[2019-09-09 13:17:00 +0900] Sync Log:  [END] Updating file ibdata1
[2019-09-09 13:17:00 +0900] Sync Log:  [BGN] Updating file laravel/sessions.ibd from /app_sync to /host_sync
[2019-09-09 13:17:00 +0900] Sync Log:  [END] Updating file laravel/sessions.ibd
[2019-09-09 13:17:00 +0900] Sync Log:  UNISON 2.51.2 (OCAML 4.06.1) finished propagating changes at 13:17:00.23 on 09 Sep 2019
[2019-09-09 13:17:00 +0900] Sync Log:  Synchronization complete at 13:17:00  (2 items transferred, 0 skipped, 0 failed)
[2019-09-09 13:17:01 +0900] Sync Log:  UNISON 2.51.2 (OCAML 4.06.1) started propagating changes at 13:17:01.33 on 09 Sep 2019
[2019-09-09 13:17:01 +0900] Sync Log:  [BGN] Updating file ib_logfile0 from /app_sync to /host_sync
[2019-09-09 13:17:03 +0900] Sync Log:  [END] Updating file ib_logfile0
[2019-09-09 13:17:03 +0900] Sync Log:  UNISON 2.51.2 (OCAML 4.06.1) finished propagating changes at 13:17:02.74 on 09 Sep 2019
[2019-09-09 13:17:03 +0900] Sync Log:  Synchronization complete at 13:17:02  (1 item transferred, 0 skipped, 0 failed)
[2019-09-09 13:25:20 +0900] Sync Log:  UNISON 2.51.2 (OCAML 4.06.1) started propagating changes at 13:25:20.13 on 09 Sep 2019
[2019-09-09 13:25:20 +0900] Sync Log:  [BGN] Updating file ib_logfile0 from /app_sync to /host_sync
[2019-09-09 13:25:23 +0900] Sync Log:  Failed: The source file /app_sync/ib_logfile0
[2019-09-09 13:25:23 +0900] Sync Log:  has been modified during synchronization.  Transfer aborted.
[2019-09-09 13:25:23 +0900] Sync Log:  UNISON 2.51.2 (OCAML 4.06.1) finished propagating changes at 13:25:22.13 on 09 Sep 2019
[2019-09-09 13:25:23 +0900] Sync Log:  Synchronization incomplete at 13:25:22  (0 items transferred, 0 skipped, 1 failed)
[2019-09-09 13:25:23 +0900] Sync Log:    failed: ib_logfile0
[2019-09-09 13:25:24 +0900] Sync Log:  UNISON 2.51.2 (OCAML 4.06.1) started propagating changes at 13:25:23.58 on 09 Sep 2019
[2019-09-09 13:25:24 +0900] Sync Log:  [BGN] Updating file ib_logfile0 from /app_sync to /host_sync
[2019-09-09 13:25:26 +0900] Sync Log:  [END] Updating file ib_logfile0
[2019-09-09 13:25:26 +0900] Sync Log:  [BGN] Updating file ibdata1 from /app_sync to /host_sync
[2019-09-09 13:25:29 +0900] Sync Log:  [END] Updating file ibdata1
[2019-09-09 13:25:29 +0900] Sync Log:  [BGN] Updating file laravel/sessions.ibd from /app_sync to /host_sync
[2019-09-09 13:25:29 +0900] Sync Log:  [END] Updating file laravel/sessions.ibd
[2019-09-09 13:25:29 +0900] Sync Log:  UNISON 2.51.2 (OCAML 4.06.1) finished propagating changes at 13:25:28.39 on 09 Sep 2019
[2019-09-09 13:25:29 +0900] Sync Log:  Synchronization complete at 13:25:28  (3 items transferred, 0 skipped, 0 failed)
[2019-09-09 14:18:45 +0900] Sync Log:  UNISON 2.51.2 (OCAML 4.06.1) started propagating changes at 14:18:44.93 on 09 Sep 2019
[2019-09-09 14:18:45 +0900] Sync Log:  [BGN] Updating file ib_logfile0 from /app_sync to /host_sync
[2019-09-09 14:18:48 +0900] Sync Log:  Failed: The source file /app_sync/ib_logfile0
[2019-09-09 14:18:48 +0900] Sync Log:  has been modified during synchronization.  Transfer aborted.
[2019-09-09 14:18:48 +0900] Sync Log:  UNISON 2.51.2 (OCAML 4.06.1) finished propagating changes at 14:18:47.88 on 09 Sep 2019
[2019-09-09 14:18:48 +0900] Sync Log:  Synchronization incomplete at 14:18:47  (0 items transferred, 0 skipped, 1 failed)
[2019-09-09 14:18:48 +0900] Sync Log:    failed: ib_logfile0
[2019-09-09 14:18:50 +0900] Sync Log:  UNISON 2.51.2 (OCAML 4.06.1) started propagating changes at 14:18:50.00 on 09 Sep 2019
[2019-09-09 14:18:50 +0900] Sync Log:  [BGN] Updating file ib_logfile0 from /app_sync to /host_sync
[2019-09-09 14:18:52 +0900] Sync Log:  [END] Updating file ib_logfile0
[2019-09-09 14:18:52 +0900] Sync Log:  [BGN] Updating file ibdata1 from /app_sync to /host_sync
[2019-09-09 14:18:55 +0900] Sync Log:  [END] Updating file ibdata1
[2019-09-09 14:18:55 +0900] Sync Log:  [BGN] Updating file laravel/sessions.ibd from /app_sync to /host_sync
[2019-09-09 14:18:55 +0900] Sync Log:  [END] Updating file laravel/sessions.ibd
[2019-09-09 14:18:55 +0900] Sync Log:  UNISON 2.51.2 (OCAML 4.06.1) finished propagating changes at 14:18:55.27 on 09 Sep 2019
[2019-09-09 14:18:55 +0900] Sync Log:  Synchronization complete at 14:18:55  (3 items transferred, 0 skipped, 0 failed)
[2019-09-09 15:44:11 +0900] Sync Log:  UNISON 2.51.2 (OCAML 4.06.1) started propagating changes at 15:44:11.55 on 09 Sep 2019
[2019-09-09 15:44:11 +0900] Sync Log:  [BGN] Updating file ib_buffer_pool from /app_sync to /host_sync
[2019-09-09 15:44:11 +0900] Sync Log:  [END] Updating file ib_buffer_pool
[2019-09-09 15:44:11 +0900] Sync Log:  UNISON 2.51.2 (OCAML 4.06.1) finished propagating changes at 15:44:11.61 on 09 Sep 2019
[2019-09-09 15:44:11 +0900] Sync Log:  Synchronization complete at 15:44:11  (1 item transferred, 0 skipped, 0 failed)
[2019-09-09 15:44:12 +0900] Sync Log:  UNISON 2.51.2 (OCAML 4.06.1) started propagating changes at 15:44:12.63 on 09 Sep 2019
[2019-09-09 15:44:12 +0900] Sync Log:  [BGN] Deleting 9e34ce5be07a.pid from /host_sync
[2019-09-09 15:44:12 +0900] Sync Log:  [END] Deleting 9e34ce5be07a.pid
[2019-09-09 15:44:12 +0900] Sync Log:  [BGN] Deleting ibtmp1 from /host_sync
[2019-09-09 15:44:12 +0900] Sync Log:  [END] Deleting ibtmp1
[2019-09-09 15:44:12 +0900] Sync Log:  UNISON 2.51.2 (OCAML 4.06.1) finished propagating changes at 15:44:12.77 on 09 Sep 2019
[2019-09-09 15:44:12 +0900] Sync Log:  Synchronization complete at 15:44:12  (2 items transferred, 0 skipped, 0 failed)
[2019-09-09 15:44:14 +0900] Sync Log:  UNISON 2.51.2 (OCAML 4.06.1) started propagating changes at 15:44:14.25 on 09 Sep 2019
[2019-09-09 15:44:14 +0900] Sync Log:  [BGN] Updating file ib_logfile0 from /app_sync to /host_sync
[2019-09-09 15:44:15 +0900] Sync Log:  [END] Updating file ib_logfile0
[2019-09-09 15:44:15 +0900] Sync Log:  [BGN] Updating file ibdata1 from /app_sync to /host_sync
[2019-09-09 15:44:18 +0900] Sync Log:  [END] Updating file ibdata1
[2019-09-09 15:44:18 +0900] Sync Log:  UNISON 2.51.2 (OCAML 4.06.1) finished propagating changes at 15:44:17.92 on 09 Sep 2019
[2019-09-09 15:44:18 +0900] Sync Log:  Synchronization complete at 15:44:17  (2 items transferred, 0 skipped, 0 failed)
[2019-09-09 15:46:59 +0900] Sync Log:  UNISON 2.51.2 (OCAML 4.06.1) started propagating changes at 15:46:59.35 on 09 Sep 2019
[2019-09-09 15:46:59 +0900] Sync Log:  [BGN] Copying ibtmp1 from /host_sync to /app_sync
[2019-09-09 15:46:59 +0900] Sync Log:  [END] Copying ibtmp1
[2019-09-09 15:46:59 +0900] Sync Log:  UNISON 2.51.2 (OCAML 4.06.1) finished propagating changes at 15:46:59.48 on 09 Sep 2019
[2019-09-09 15:46:59 +0900] Sync Log:  Synchronization complete at 15:46:59  (1 item transferred, 0 skipped, 0 failed)
[2019-09-09 15:47:03 +0900] Sync Log:  UNISON 2.51.2 (OCAML 4.06.1) started propagating changes at 15:47:03.37 on 09 Sep 2019
[2019-09-09 15:47:03 +0900] Sync Log:  [BGN] Copying 4249301e4d78.pid from /host_sync to /app_sync
[2019-09-09 15:47:03 +0900] Sync Log:  [END] Copying 4249301e4d78.pid
[2019-09-09 15:47:03 +0900] Sync Log:  [BGN] Updating file ib_logfile0 from /host_sync to /app_sync
[2019-09-09 15:47:04 +0900] Sync Log:  [END] Updating file ib_logfile0
[2019-09-09 15:47:04 +0900] Sync Log:  [BGN] Updating file ibdata1 from /host_sync to /app_sync
[2019-09-09 15:47:05 +0900] Sync Log:  [END] Updating file ibdata1
[2019-09-09 15:47:05 +0900] Sync Log:  UNISON 2.51.2 (OCAML 4.06.1) finished propagating changes at 15:47:05.64 on 09 Sep 2019
[2019-09-09 15:47:05 +0900] Sync Log:  Synchronization complete at 15:47:05  (3 items transferred, 0 skipped, 0 failed)
[2019-09-09 15:47:34 +0900] Sync Log:  UNISON 2.51.2 (OCAML 4.06.1) started propagating changes at 15:47:34.06 on 09 Sep 2019
[2019-09-09 15:47:34 +0900] Sync Log:  [BGN] Updating file ibtmp1 from /host_sync to /app_sync
[2019-09-09 15:47:34 +0900] Sync Log:  [END] Updating file ibtmp1
[2019-09-09 15:47:34 +0900] Sync Log:  UNISON 2.51.2 (OCAML 4.06.1) finished propagating changes at 15:47:34.24 on 09 Sep 2019
[2019-09-09 15:47:34 +0900] Sync Log:  Synchronization complete at 15:47:34  (1 item transferred, 0 skipped, 0 failed)
[2019-09-09 15:52:25 +0900] Sync Log:  UNISON 2.51.2 (OCAML 4.06.1) started propagating changes at 15:52:24.55 on 09 Sep 2019
[2019-09-09 15:52:25 +0900] Sync Log:  [BGN] Updating file ib_logfile0 from /host_sync to /app_sync
[2019-09-09 15:52:26 +0900] Sync Log:  Failed: The source file /host_sync/ib_logfile0
[2019-09-09 15:52:26 +0900] Sync Log:  has been modified during synchronization.  Transfer aborted.
[2019-09-09 15:52:26 +0900] Sync Log:  UNISON 2.51.2 (OCAML 4.06.1) finished propagating changes at 15:52:25.98 on 09 Sep 2019
[2019-09-09 15:52:26 +0900] Sync Log:  Synchronization incomplete at 15:52:25  (0 items transferred, 0 skipped, 1 failed)
[2019-09-09 15:52:26 +0900] Sync Log:    failed: ib_logfile0
[2019-09-09 15:52:28 +0900] Sync Log:  UNISON 2.51.2 (OCAML 4.06.1) started propagating changes at 15:52:28.23 on 09 Sep 2019
[2019-09-09 15:52:28 +0900] Sync Log:  [BGN] Updating file ib_logfile0 from /host_sync to /app_sync
[2019-09-09 15:52:29 +0900] Sync Log:  [END] Updating file ib_logfile0
[2019-09-09 15:52:29 +0900] Sync Log:  [BGN] Updating file ibdata1 from /host_sync to /app_sync
[2019-09-09 15:52:31 +0900] Sync Log:  [END] Updating file ibdata1
[2019-09-09 15:52:31 +0900] Sync Log:  [BGN] Updating file laravel/sessions.ibd from /host_sync to /app_sync
[2019-09-09 15:52:31 +0900] Sync Log:  [END] Updating file laravel/sessions.ibd
[2019-09-09 15:52:31 +0900] Sync Log:  UNISON 2.51.2 (OCAML 4.06.1) finished propagating changes at 15:52:30.71 on 09 Sep 2019
[2019-09-09 15:52:31 +0900] Sync Log:  Synchronization complete at 15:52:30  (3 items transferred, 0 skipped, 0 failed)
[2019-09-09 15:52:51 +0900] Sync Log:  UNISON 2.51.2 (OCAML 4.06.1) started propagating changes at 15:52:51.02 on 09 Sep 2019
[2019-09-09 15:52:51 +0900] Sync Log:  [BGN] Updating file ib_logfile0 from /host_sync to /app_sync
[2019-09-09 15:52:52 +0900] Sync Log:  Failed: The source file /host_sync/ib_logfile0
[2019-09-09 15:52:52 +0900] Sync Log:  has been modified during synchronization.  Transfer aborted.
[2019-09-09 15:52:52 +0900] Sync Log:  UNISON 2.51.2 (OCAML 4.06.1) finished propagating changes at 15:52:51.94 on 09 Sep 2019
[2019-09-09 15:52:52 +0900] Sync Log:  Synchronization incomplete at 15:52:51  (0 items transferred, 0 skipped, 1 failed)
[2019-09-09 15:52:52 +0900] Sync Log:    failed: ib_logfile0
[2019-09-09 15:52:54 +0900] Sync Log:  UNISON 2.51.2 (OCAML 4.06.1) started propagating changes at 15:52:54.03 on 09 Sep 2019
[2019-09-09 15:52:54 +0900] Sync Log:  [BGN] Updating file ib_logfile0 from /host_sync to /app_sync
[2019-09-09 15:52:55 +0900] Sync Log:  Failed: The source file /host_sync/ib_logfile0
[2019-09-09 15:52:55 +0900] Sync Log:  has been modified during synchronization.  Transfer aborted.
[2019-09-09 15:52:55 +0900] Sync Log:  [BGN] Updating file ibdata1 from /host_sync to /app_sync
[2019-09-09 15:52:57 +0900] Sync Log:  Failed: The source file /host_sync/ibdata1
[2019-09-09 15:52:57 +0900] Sync Log:  has been modified during synchronization.  Transfer aborted.
[2019-09-09 15:52:57 +0900] Sync Log:  [BGN] Updating file laravel/sessions.ibd from /host_sync to /app_sync
[2019-09-09 15:52:57 +0900] Sync Log:  Failed: The source file /host_sync/laravel/sessions.ibd
[2019-09-09 15:52:57 +0900] Sync Log:  has been modified during synchronization.  Transfer aborted.
[2019-09-09 15:52:57 +0900] Sync Log:  UNISON 2.51.2 (OCAML 4.06.1) finished propagating changes at 15:52:56.49 on 09 Sep 2019
[2019-09-09 15:52:57 +0900] Sync Log:  Synchronization incomplete at 15:52:56  (0 items transferred, 0 skipped, 3 failed)
[2019-09-09 15:52:57 +0900] Sync Log:    failed: ib_logfile0
[2019-09-09 15:52:57 +0900] Sync Log:    failed: ibdata1
[2019-09-09 15:52:57 +0900] Sync Log:    failed: laravel/sessions.ibd
[2019-09-09 15:53:00 +0900] Sync Log:  UNISON 2.51.2 (OCAML 4.06.1) started propagating changes at 15:53:00.13 on 09 Sep 2019
[2019-09-09 15:53:00 +0900] Sync Log:  [BGN] Updating file ib_logfile0 from /host_sync to /app_sync
[2019-09-09 15:53:01 +0900] Sync Log:  [END] Updating file ib_logfile0
[2019-09-09 15:53:01 +0900] Sync Log:  [BGN] Updating file ibdata1 from /host_sync to /app_sync
[2019-09-09 15:53:03 +0900] Sync Log:  [END] Updating file ibdata1
[2019-09-09 15:53:03 +0900] Sync Log:  [BGN] Updating file laravel/sessions.ibd from /host_sync to /app_sync
[2019-09-09 15:53:03 +0900] Sync Log:  [END] Updating file laravel/sessions.ibd
[2019-09-09 15:53:03 +0900] Sync Log:  UNISON 2.51.2 (OCAML 4.06.1) finished propagating changes at 15:53:02.93 on 09 Sep 2019
[2019-09-09 15:53:03 +0900] Sync Log:  Synchronization complete at 15:53:02  (3 items transferred, 0 skipped, 0 failed)
[2019-09-09 16:59:39 +0900] Sync Log:  UNISON 2.51.2 (OCAML 4.06.1) started propagating changes at 16:59:38.56 on 09 Sep 2019
[2019-09-09 16:59:39 +0900] Sync Log:  [BGN] Updating file ib_buffer_pool from /host_sync to /app_sync
[2019-09-09 16:59:39 +0900] Sync Log:  Failed: The source file /host_sync/ib_buffer_pool
[2019-09-09 16:59:39 +0900] Sync Log:  has been modified but the fast update detection mechanism
[2019-09-09 16:59:39 +0900] Sync Log:  failed to detect it.  Try running once with the fastcheck
[2019-09-09 16:59:39 +0900] Sync Log:  option set to 'no'.
[2019-09-09 16:59:39 +0900] Sync Log:  UNISON 2.51.2 (OCAML 4.06.1) finished propagating changes at 16:59:38.57 on 09 Sep 2019
[2019-09-09 16:59:39 +0900] Sync Log:  Synchronization incomplete at 16:59:38  (0 items transferred, 0 skipped, 1 failed)
[2019-09-09 16:59:39 +0900] Sync Log:    failed: ib_buffer_pool
[2019-09-09 16:59:40 +0900] Sync Log:  UNISON 2.51.2 (OCAML 4.06.1) started propagating changes at 16:59:39.55 on 09 Sep 2019
[2019-09-09 16:59:40 +0900] Sync Log:  [BGN] Updating file ib_buffer_pool from /host_sync to /app_sync
[2019-09-09 16:59:40 +0900] Sync Log:  Failed: The source file /host_sync/ib_buffer_pool
[2019-09-09 16:59:40 +0900] Sync Log:  has been modified but the fast update detection mechanism
[2019-09-09 16:59:40 +0900] Sync Log:  failed to detect it.  Try running once with the fastcheck
[2019-09-09 16:59:40 +0900] Sync Log:  option set to 'no'.
[2019-09-09 16:59:40 +0900] Sync Log:  [BGN] Deleting 4249301e4d78.pid from /app_sync
[2019-09-09 16:59:40 +0900] Sync Log:  [END] Deleting 4249301e4d78.pid
[2019-09-09 16:59:40 +0900] Sync Log:  [BGN] Deleting ibtmp1 from /app_sync
[2019-09-09 16:59:40 +0900] Sync Log:  [END] Deleting ibtmp1
[2019-09-09 16:59:40 +0900] Sync Log:  UNISON 2.51.2 (OCAML 4.06.1) finished propagating changes at 16:59:39.69 on 09 Sep 2019
[2019-09-09 16:59:40 +0900] Sync Log:  Synchronization incomplete at 16:59:39  (2 items transferred, 0 skipped, 1 failed)
[2019-09-09 16:59:40 +0900] Sync Log:    failed: ib_buffer_pool
[2019-09-09 16:59:42 +0900] Sync Log:  UNISON 2.51.2 (OCAML 4.06.1) started propagating changes at 16:59:41.67 on 09 Sep 2019
[2019-09-09 16:59:42 +0900] Sync Log:  [BGN] Updating file ib_logfile0 from /host_sync to /app_sync
[2019-09-09 16:59:43 +0900] Sync Log:  [END] Updating file ib_logfile0
[2019-09-09 16:59:43 +0900] Sync Log:  [BGN] Updating file ibdata1 from /host_sync to /app_sync
[2019-09-09 16:59:44 +0900] Sync Log:  [END] Updating file ibdata1
[2019-09-09 16:59:44 +0900] Sync Log:  UNISON 2.51.2 (OCAML 4.06.1) finished propagating changes at 16:59:43.94 on 09 Sep 2019
[2019-09-09 16:59:44 +0900] Sync Log:  Synchronization complete at 16:59:43  (2 items transferred, 0 skipped, 0 failed)
[2019-09-09 16:59:45 +0900] Sync Log:  UNISON 2.51.2 (OCAML 4.06.1) started propagating changes at 16:59:44.96 on 09 Sep 2019
[2019-09-09 16:59:45 +0900] Sync Log:  [BGN] Updating file ib_buffer_pool from /host_sync to /app_sync
[2019-09-09 16:59:45 +0900] Sync Log:  [END] Updating file ib_buffer_pool
[2019-09-09 16:59:45 +0900] Sync Log:  UNISON 2.51.2 (OCAML 4.06.1) finished propagating changes at 16:59:44.96 on 09 Sep 2019
[2019-09-09 16:59:45 +0900] Sync Log:  Synchronization complete at 16:59:44  (1 item transferred, 0 skipped, 0 failed)
[2019-09-09 17:26:36 +0900] Sync Log:  UNISON 2.51.2 (OCAML 4.06.1) started propagating changes at 17:26:36.71 on 09 Sep 2019
[2019-09-09 17:26:36 +0900] Sync Log:  [BGN] Copying 4249301e4d78.pid from /host_sync to /app_sync
[2019-09-09 17:26:36 +0900] Sync Log:  [END] Copying 4249301e4d78.pid
[2019-09-09 17:26:36 +0900] Sync Log:  [BGN] Copying ibtmp1 from /host_sync to /app_sync
[2019-09-09 17:26:36 +0900] Sync Log:  [END] Copying ibtmp1
[2019-09-09 17:26:36 +0900] Sync Log:  UNISON 2.51.2 (OCAML 4.06.1) finished propagating changes at 17:26:36.90 on 09 Sep 2019
[2019-09-09 17:26:36 +0900] Sync Log:  Synchronization complete at 17:26:36  (2 items transferred, 0 skipped, 0 failed)
[2019-09-09 17:26:38 +0900] Sync Log:  UNISON 2.51.2 (OCAML 4.06.1) started propagating changes at 17:26:38.81 on 09 Sep 2019
[2019-09-09 17:26:38 +0900] Sync Log:  [BGN] Updating file ib_logfile0 from /host_sync to /app_sync
[2019-09-09 17:26:39 +0900] Sync Log:  [END] Updating file ib_logfile0
[2019-09-09 17:26:39 +0900] Sync Log:  [BGN] Updating file ibdata1 from /host_sync to /app_sync
[2019-09-09 17:26:40 +0900] Sync Log:  [END] Updating file ibdata1
[2019-09-09 17:26:40 +0900] Sync Log:  UNISON 2.51.2 (OCAML 4.06.1) finished propagating changes at 17:26:40.82 on 09 Sep 2019
[2019-09-09 17:26:40 +0900] Sync Log:  Synchronization complete at 17:26:40  (2 items transferred, 0 skipped, 0 failed)
[2019-09-09 17:27:12 +0900] Sync Log:  UNISON 2.51.2 (OCAML 4.06.1) started propagating changes at 17:27:12.55 on 09 Sep 2019
[2019-09-09 17:27:12 +0900] Sync Log:  [BGN] Updating file ibtmp1 from /host_sync to /app_sync
[2019-09-09 17:27:12 +0900] Sync Log:  [END] Updating file ibtmp1
[2019-09-09 17:27:12 +0900] Sync Log:  UNISON 2.51.2 (OCAML 4.06.1) finished propagating changes at 17:27:12.72 on 09 Sep 2019
[2019-09-09 17:27:12 +0900] Sync Log:  Synchronization complete at 17:27:12  (1 item transferred, 0 skipped, 0 failed)
[2019-09-09 17:59:20 +0900] Sync Log:  UNISON 2.51.2 (OCAML 4.06.1) started propagating changes at 17:59:19.50 on 09 Sep 2019
[2019-09-09 17:59:20 +0900] Sync Log:  [BGN] Deleting html from /app_sync
[2019-09-09 17:59:20 +0900] Sync Log:  [END] Deleting html
[2019-09-09 17:59:20 +0900] Sync Log:  UNISON 2.51.2 (OCAML 4.06.1) finished propagating changes at 17:59:19.50 on 09 Sep 2019
[2019-09-09 17:59:20 +0900] Sync Log:  Synchronization complete at 17:59:19  (1 item transferred, 0 skipped, 0 failed)
[2019-09-09 17:59:43 +0900] Sync Log:  UNISON 2.51.2 (OCAML 4.06.1) started propagating changes at 17:59:43.03 on 09 Sep 2019
[2019-09-09 17:59:43 +0900] Sync Log:  [BGN] Updating file tests/Feature/UserTest.php from /host_sync to /app_sync
[2019-09-09 17:59:43 +0900] Sync Log:  [END] Updating file tests/Feature/UserTest.php
[2019-09-09 17:59:43 +0900] Sync Log:  UNISON 2.51.2 (OCAML 4.06.1) finished propagating changes at 17:59:43.04 on 09 Sep 2019
[2019-09-09 17:59:43 +0900] Sync Log:  Synchronization complete at 17:59:43  (1 item transferred, 0 skipped, 0 failed)
[2019-09-09 18:01:09 +0900] Sync Log:  UNISON 2.51.2 (OCAML 4.06.1) started propagating changes at 18:01:09.43 on 09 Sep 2019
[2019-09-09 18:01:09 +0900] Sync Log:  [BGN] Updating file tests/Feature/UserTest.php from /host_sync to /app_sync
[2019-09-09 18:01:09 +0900] Sync Log:  [END] Updating file tests/Feature/UserTest.php
[2019-09-09 18:01:09 +0900] Sync Log:  UNISON 2.51.2 (OCAML 4.06.1) finished propagating changes at 18:01:09.44 on 09 Sep 2019
[2019-09-09 18:01:10 +0900] Sync Log:  Synchronization complete at 18:01:09  (1 item transferred, 0 skipped, 0 failed)
[2019-09-09 18:01:15 +0900] Sync Log:  UNISON 2.51.2 (OCAML 4.06.1) started propagating changes at 18:01:15.01 on 09 Sep 2019
[2019-09-09 18:01:15 +0900] Sync Log:  [BGN] Updating file ib_logfile0 from /host_sync to /app_sync
[2019-09-09 18:01:15 +0900] Sync Log:  [END] Updating file ib_logfile0
[2019-09-09 18:01:15 +0900] Sync Log:  UNISON 2.51.2 (OCAML 4.06.1) finished propagating changes at 18:01:15.73 on 09 Sep 2019
[2019-09-09 18:01:15 +0900] Sync Log:  Synchronization complete at 18:01:15  (1 item transferred, 0 skipped, 0 failed)
[2019-09-09 18:01:17 +0900] Sync Log:  UNISON 2.51.2 (OCAML 4.06.1) started propagating changes at 18:01:17.20 on 09 Sep 2019
[2019-09-09 18:01:17 +0900] Sync Log:  [BGN] Updating file ibdata1 from /host_sync to /app_sync
[2019-09-09 18:01:18 +0900] Sync Log:  [END] Updating file ibdata1
[2019-09-09 18:01:18 +0900] Sync Log:  [BGN] Updating file laravel/sessions.ibd from /host_sync to /app_sync
[2019-09-09 18:01:18 +0900] Sync Log:  [END] Updating file laravel/sessions.ibd
[2019-09-09 18:01:18 +0900] Sync Log:  UNISON 2.51.2 (OCAML 4.06.1) finished propagating changes at 18:01:18.57 on 09 Sep 2019
[2019-09-09 18:01:18 +0900] Sync Log:  Synchronization complete at 18:01:18  (2 items transferred, 0 skipped, 0 failed)
[2019-09-09 18:01:23 +0900] Sync Log:  UNISON 2.51.2 (OCAML 4.06.1) started propagating changes at 18:01:23.18 on 09 Sep 2019
[2019-09-09 18:01:23 +0900] Sync Log:  [BGN] Updating file ib_logfile0 from /host_sync to /app_sync
[2019-09-09 18:01:23 +0900] Sync Log:  [END] Updating file ib_logfile0
[2019-09-09 18:01:23 +0900] Sync Log:  UNISON 2.51.2 (OCAML 4.06.1) finished propagating changes at 18:01:23.74 on 09 Sep 2019
[2019-09-09 18:01:23 +0900] Sync Log:  Synchronization complete at 18:01:23  (1 item transferred, 0 skipped, 0 failed)
[2019-09-09 18:01:25 +0900] Sync Log:  UNISON 2.51.2 (OCAML 4.06.1) started propagating changes at 18:01:25.17 on 09 Sep 2019
[2019-09-09 18:01:25 +0900] Sync Log:  [BGN] Updating file ibdata1 from /host_sync to /app_sync
[2019-09-09 18:01:26 +0900] Sync Log:  [END] Updating file ibdata1
[2019-09-09 18:01:26 +0900] Sync Log:  [BGN] Updating file laravel/sessions.ibd from /host_sync to /app_sync
[2019-09-09 18:01:26 +0900] Sync Log:  [END] Updating file laravel/sessions.ibd
[2019-09-09 18:01:26 +0900] Sync Log:  [BGN] Updating file mysql/innodb_index_stats.ibd from /host_sync to /app_sync
[2019-09-09 18:01:26 +0900] Sync Log:  [END] Updating file mysql/innodb_index_stats.ibd
[2019-09-09 18:01:26 +0900] Sync Log:  [BGN] Updating file mysql/innodb_table_stats.ibd from /host_sync to /app_sync
[2019-09-09 18:01:26 +0900] Sync Log:  [END] Updating file mysql/innodb_table_stats.ibd
[2019-09-09 18:01:26 +0900] Sync Log:  UNISON 2.51.2 (OCAML 4.06.1) finished propagating changes at 18:01:26.22 on 09 Sep 2019
[2019-09-09 18:01:26 +0900] Sync Log:  Synchronization complete at 18:01:26  (4 items transferred, 0 skipped, 0 failed)
[2019-09-09 18:01:30 +0900] Sync Log:  UNISON 2.51.2 (OCAML 4.06.1) started propagating changes at 18:01:30.36 on 09 Sep 2019
[2019-09-09 18:01:31 +0900] Sync Log:  [BGN] Updating file ib_logfile0 from /host_sync to /app_sync
[2019-09-09 18:01:33 +0900] Sync Log:  [END] Updating file ib_logfile0
[2019-09-09 18:01:33 +0900] Sync Log:  UNISON 2.51.2 (OCAML 4.06.1) finished propagating changes at 18:01:32.40 on 09 Sep 2019
[2019-09-09 18:01:33 +0900] Sync Log:  Synchronization complete at 18:01:32  (1 item transferred, 0 skipped, 0 failed)
[2019-09-09 18:01:37 +0900] Sync Log:  UNISON 2.51.2 (OCAML 4.06.1) started propagating changes at 18:01:37.60 on 09 Sep 2019
[2019-09-09 18:01:37 +0900] Sync Log:  [BGN] Updating file ib_logfile0 from /host_sync to /app_sync
[2019-09-09 18:01:38 +0900] Sync Log:  Failed: The source file /host_sync/ib_logfile0
[2019-09-09 18:01:38 +0900] Sync Log:  has been modified during synchronization.  Transfer aborted.
[2019-09-09 18:01:38 +0900] Sync Log:  [BGN] Updating file ibdata1 from /host_sync to /app_sync
[2019-09-09 18:01:39 +0900] Sync Log:  [END] Updating file ibdata1
[2019-09-09 18:01:39 +0900] Sync Log:  [BGN] Updating file laravel/sessions.ibd from /host_sync to /app_sync
[2019-09-09 18:01:39 +0900] Sync Log:  [END] Updating file laravel/sessions.ibd
[2019-09-09 18:01:39 +0900] Sync Log:  UNISON 2.51.2 (OCAML 4.06.1) finished propagating changes at 18:01:39.93 on 09 Sep 2019
[2019-09-09 18:01:39 +0900] Sync Log:  Synchronization incomplete at 18:01:39  (2 items transferred, 0 skipped, 1 failed)
[2019-09-09 18:01:39 +0900] Sync Log:    failed: ib_logfile0
[2019-09-09 18:01:41 +0900] Sync Log:  UNISON 2.51.2 (OCAML 4.06.1) started propagating changes at 18:01:41.28 on 09 Sep 2019
[2019-09-09 18:01:41 +0900] Sync Log:  [BGN] Updating file ib_logfile0 from /host_sync to /app_sync
[2019-09-09 18:01:41 +0900] Sync Log:  [END] Updating file ib_logfile0
[2019-09-09 18:01:41 +0900] Sync Log:  UNISON 2.51.2 (OCAML 4.06.1) finished propagating changes at 18:01:41.90 on 09 Sep 2019
[2019-09-09 18:01:41 +0900] Sync Log:  Synchronization complete at 18:01:41  (1 item transferred, 0 skipped, 0 failed)
[2019-09-09 18:03:24 +0900] Sync Log:  UNISON 2.51.2 (OCAML 4.06.1) started propagating changes at 18:03:23.66 on 09 Sep 2019
[2019-09-09 18:03:24 +0900] Sync Log:  [BGN] Updating file ib_buffer_pool from /host_sync to /app_sync
[2019-09-09 18:03:24 +0900] Sync Log:  [END] Updating file ib_buffer_pool
[2019-09-09 18:03:24 +0900] Sync Log:  UNISON 2.51.2 (OCAML 4.06.1) finished propagating changes at 18:03:23.67 on 09 Sep 2019
[2019-09-09 18:03:24 +0900] Sync Log:  Synchronization complete at 18:03:23  (1 item transferred, 0 skipped, 0 failed)
[2019-09-09 18:03:25 +0900] Sync Log:  UNISON 2.51.2 (OCAML 4.06.1) started propagating changes at 18:03:24.68 on 09 Sep 2019
[2019-09-09 18:03:25 +0900] Sync Log:  [BGN] Deleting 4249301e4d78.pid from /app_sync
[2019-09-09 18:03:25 +0900] Sync Log:  [END] Deleting 4249301e4d78.pid
[2019-09-09 18:03:25 +0900] Sync Log:  [BGN] Deleting ibtmp1 from /app_sync
[2019-09-09 18:03:25 +0900] Sync Log:  [END] Deleting ibtmp1
[2019-09-09 18:03:25 +0900] Sync Log:  UNISON 2.51.2 (OCAML 4.06.1) finished propagating changes at 18:03:24.73 on 09 Sep 2019
[2019-09-09 18:03:25 +0900] Sync Log:  Synchronization complete at 18:03:24  (2 items transferred, 0 skipped, 0 failed)
[2019-09-09 18:03:27 +0900] Sync Log:  UNISON 2.51.2 (OCAML 4.06.1) started propagating changes at 18:03:26.81 on 09 Sep 2019
[2019-09-09 18:03:27 +0900] Sync Log:  [BGN] Updating file ib_logfile0 from /host_sync to /app_sync
[2019-09-09 18:03:28 +0900] Sync Log:  [END] Updating file ib_logfile0
[2019-09-09 18:03:28 +0900] Sync Log:  [BGN] Updating file ibdata1 from /host_sync to /app_sync
[2019-09-09 18:03:29 +0900] Sync Log:  [END] Updating file ibdata1
[2019-09-09 18:03:29 +0900] Sync Log:  UNISON 2.51.2 (OCAML 4.06.1) finished propagating changes at 18:03:28.37 on 09 Sep 2019
[2019-09-09 18:03:29 +0900] Sync Log:  Synchronization complete at 18:03:28  (2 items transferred, 0 skipped, 0 failed)
[2019-09-09 18:03:36 +0900] Sync Log:  UNISON 2.51.2 (OCAML 4.06.1) started propagating changes at 18:03:35.37 on 09 Sep 2019
[2019-09-09 18:03:36 +0900] Sync Log:  [BGN] Copying ibtmp1 from /host_sync to /app_sync
[2019-09-09 18:03:36 +0900] Sync Log:  [END] Copying ibtmp1
[2019-09-09 18:03:36 +0900] Sync Log:  UNISON 2.51.2 (OCAML 4.06.1) finished propagating changes at 18:03:35.47 on 09 Sep 2019
[2019-09-09 18:03:36 +0900] Sync Log:  Synchronization complete at 18:03:35  (1 item transferred, 0 skipped, 0 failed)
[2019-09-09 18:03:38 +0900] Sync Log:  UNISON 2.51.2 (OCAML 4.06.1) started propagating changes at 18:03:37.58 on 09 Sep 2019
[2019-09-09 18:03:38 +0900] Sync Log:  [BGN] Copying 62dd83ef7c6f.pid from /host_sync to /app_sync
[2019-09-09 18:03:38 +0900] Sync Log:  [END] Copying 62dd83ef7c6f.pid
[2019-09-09 18:03:38 +0900] Sync Log:  [BGN] Updating file ib_logfile0 from /host_sync to /app_sync
[2019-09-09 18:03:39 +0900] Sync Log:  [END] Updating file ib_logfile0
[2019-09-09 18:03:39 +0900] Sync Log:  [BGN] Updating file ibdata1 from /host_sync to /app_sync
[2019-09-09 18:03:40 +0900] Sync Log:  [END] Updating file ibdata1
[2019-09-09 18:03:40 +0900] Sync Log:  UNISON 2.51.2 (OCAML 4.06.1) finished propagating changes at 18:03:39.07 on 09 Sep 2019
[2019-09-09 18:03:40 +0900] Sync Log:  Synchronization complete at 18:03:39  (3 items transferred, 0 skipped, 0 failed)
[2019-09-09 18:04:10 +0900] Sync Log:  UNISON 2.51.2 (OCAML 4.06.1) started propagating changes at 18:04:09.60 on 09 Sep 2019
[2019-09-09 18:04:10 +0900] Sync Log:  [BGN] Updating file ibtmp1 from /host_sync to /app_sync
[2019-09-09 18:04:10 +0900] Sync Log:  [END] Updating file ibtmp1
[2019-09-09 18:04:10 +0900] Sync Log:  UNISON 2.51.2 (OCAML 4.06.1) finished propagating changes at 18:04:09.78 on 09 Sep 2019
[2019-09-09 18:04:10 +0900] Sync Log:  Synchronization complete at 18:04:09  (1 item transferred, 0 skipped, 0 failed)
[2019-09-09 18:24:06 +0900] Sync Log:  UNISON 2.51.2 (OCAML 4.06.1) started propagating changes at 18:24:05.81 on 09 Sep 2019
[2019-09-09 18:24:06 +0900] Sync Log:  [BGN] Updating file ib_logfile0 from /host_sync to /app_sync
[2019-09-09 18:24:07 +0900] Sync Log:  Failed: The source file /host_sync/ib_logfile0
[2019-09-09 18:24:07 +0900] Sync Log:  has been modified during synchronization.  Transfer aborted.
[2019-09-09 18:24:07 +0900] Sync Log:  UNISON 2.51.2 (OCAML 4.06.1) finished propagating changes at 18:24:06.61 on 09 Sep 2019
[2019-09-09 18:24:07 +0900] Sync Log:  Synchronization incomplete at 18:24:06  (0 items transferred, 0 skipped, 1 failed)
[2019-09-09 18:24:07 +0900] Sync Log:    failed: ib_logfile0
[2019-09-09 18:24:10 +0900] Sync Log:  UNISON 2.51.2 (OCAML 4.06.1) started propagating changes at 18:24:09.67 on 09 Sep 2019
[2019-09-09 18:24:10 +0900] Sync Log:  [BGN] Updating file ib_logfile0 from /host_sync to /app_sync
[2019-09-09 18:24:10 +0900] Sync Log:  [END] Updating file ib_logfile0
[2019-09-09 18:24:10 +0900] Sync Log:  [BGN] Updating file ibdata1 from /host_sync to /app_sync
[2019-09-09 18:24:11 +0900] Sync Log:  [END] Updating file ibdata1
[2019-09-09 18:24:11 +0900] Sync Log:  [BGN] Updating file laravel/sessions.ibd from /host_sync to /app_sync
[2019-09-09 18:24:11 +0900] Sync Log:  [END] Updating file laravel/sessions.ibd
[2019-09-09 18:24:11 +0900] Sync Log:  UNISON 2.51.2 (OCAML 4.06.1) finished propagating changes at 18:24:11.32 on 09 Sep 2019
[2019-09-09 18:24:11 +0900] Sync Log:  Synchronization complete at 18:24:11  (3 items transferred, 0 skipped, 0 failed)
[2019-09-09 18:31:14 +0900] Sync Log:  UNISON 2.51.2 (OCAML 4.06.1) started propagating changes at 18:31:14.52 on 09 Sep 2019
[2019-09-09 18:31:14 +0900] Sync Log:  [BGN] Updating file ib_logfile0 from /host_sync to /app_sync
[2019-09-09 18:31:15 +0900] Sync Log:  Failed: The source file /host_sync/ib_logfile0
[2019-09-09 18:31:15 +0900] Sync Log:  has been modified during synchronization.  Transfer aborted.
[2019-09-09 18:31:15 +0900] Sync Log:  UNISON 2.51.2 (OCAML 4.06.1) finished propagating changes at 18:31:15.23 on 09 Sep 2019
[2019-09-09 18:31:15 +0900] Sync Log:  Synchronization incomplete at 18:31:15  (0 items transferred, 0 skipped, 1 failed)
[2019-09-09 18:31:15 +0900] Sync Log:    failed: ib_logfile0
[2019-09-09 18:31:18 +0900] Sync Log:  UNISON 2.51.2 (OCAML 4.06.1) started propagating changes at 18:31:17.05 on 09 Sep 2019
[2019-09-09 18:31:18 +0900] Sync Log:  [BGN] Updating file ib_logfile0 from /host_sync to /app_sync
[2019-09-09 18:31:19 +0900] Sync Log:  [END] Updating file ib_logfile0
[2019-09-09 18:31:19 +0900] Sync Log:  [BGN] Updating file ibdata1 from /host_sync to /app_sync
[2019-09-09 18:31:20 +0900] Sync Log:  [END] Updating file ibdata1
[2019-09-09 18:31:20 +0900] Sync Log:  [BGN] Updating file laravel/sessions.ibd from /host_sync to /app_sync
[2019-09-09 18:31:20 +0900] Sync Log:  Failed: The source file /host_sync/laravel/sessions.ibd
[2019-09-09 18:31:20 +0900] Sync Log:  has been modified during synchronization.  Transfer aborted.
[2019-09-09 18:31:20 +0900] Sync Log:  UNISON 2.51.2 (OCAML 4.06.1) finished propagating changes at 18:31:19.65 on 09 Sep 2019
[2019-09-09 18:31:20 +0900] Sync Log:  Synchronization incomplete at 18:31:19  (2 items transferred, 0 skipped, 1 failed)
[2019-09-09 18:31:20 +0900] Sync Log:    failed: laravel/sessions.ibd
[2019-09-09 18:31:22 +0900] Sync Log:  UNISON 2.51.2 (OCAML 4.06.1) started propagating changes at 18:31:21.20 on 09 Sep 2019
[2019-09-09 18:31:22 +0900] Sync Log:  [BGN] Updating file ib_logfile0 from /host_sync to /app_sync
[2019-09-09 18:31:22 +0900] Sync Log:  [END] Updating file ib_logfile0
[2019-09-09 18:31:22 +0900] Sync Log:  [BGN] Updating file laravel/sessions.ibd from /host_sync to /app_sync
[2019-09-09 18:31:22 +0900] Sync Log:  [END] Updating file laravel/sessions.ibd
[2019-09-09 18:31:22 +0900] Sync Log:  UNISON 2.51.2 (OCAML 4.06.1) finished propagating changes at 18:31:21.80 on 09 Sep 2019
[2019-09-09 18:31:22 +0900] Sync Log:  Synchronization complete at 18:31:21  (2 items transferred, 0 skipped, 0 failed)
[2019-09-09 18:31:24 +0900] Sync Log:  UNISON 2.51.2 (OCAML 4.06.1) started propagating changes at 18:31:23.26 on 09 Sep 2019
[2019-09-09 18:31:24 +0900] Sync Log:  [BGN] Updating file ibdata1 from /host_sync to /app_sync
[2019-09-09 18:31:25 +0900] Sync Log:  [END] Updating file ibdata1
[2019-09-09 18:31:25 +0900] Sync Log:  UNISON 2.51.2 (OCAML 4.06.1) finished propagating changes at 18:31:24.86 on 09 Sep 2019
[2019-09-09 18:31:25 +0900] Sync Log:  Synchronization complete at 18:31:24  (1 item transferred, 0 skipped, 0 failed)
[2019-09-09 18:31:28 +0900] Sync Log:  UNISON 2.51.2 (OCAML 4.06.1) started propagating changes at 18:31:27.49 on 09 Sep 2019
[2019-09-09 18:31:28 +0900] Sync Log:  [BGN] Updating file ib_logfile0 from /host_sync to /app_sync
[2019-09-09 18:31:29 +0900] Sync Log:  [END] Updating file ib_logfile0
[2019-09-09 18:31:29 +0900] Sync Log:  UNISON 2.51.2 (OCAML 4.06.1) finished propagating changes at 18:31:28.07 on 09 Sep 2019
[2019-09-09 18:31:29 +0900] Sync Log:  Synchronization complete at 18:31:28  (1 item transferred, 0 skipped, 0 failed)
[2019-09-09 18:31:30 +0900] Sync Log:  UNISON 2.51.2 (OCAML 4.06.1) started propagating changes at 18:31:29.85 on 09 Sep 2019
[2019-09-09 18:31:30 +0900] Sync Log:  [BGN] Updating file ibdata1 from /host_sync to /app_sync
[2019-09-09 18:31:31 +0900] Sync Log:  [END] Updating file ibdata1
[2019-09-09 18:31:31 +0900] Sync Log:  [BGN] Updating file laravel/sessions.ibd from /host_sync to /app_sync
[2019-09-09 18:31:31 +0900] Sync Log:  [END] Updating file laravel/sessions.ibd
[2019-09-09 18:31:31 +0900] Sync Log:  UNISON 2.51.2 (OCAML 4.06.1) finished propagating changes at 18:31:31.02 on 09 Sep 2019
[2019-09-09 18:31:31 +0900] Sync Log:  Synchronization complete at 18:31:31  (2 items transferred, 0 skipped, 0 failed)
[2019-09-09 18:32:47 +0900] Sync Log:  UNISON 2.51.2 (OCAML 4.06.1) started propagating changes at 18:32:46.52 on 09 Sep 2019
[2019-09-09 18:32:47 +0900] Sync Log:  [BGN] Updating file ib_logfile0 from /host_sync to /app_sync
[2019-09-09 18:32:48 +0900] Sync Log:  [END] Updating file ib_logfile0
[2019-09-09 18:32:48 +0900] Sync Log:  UNISON 2.51.2 (OCAML 4.06.1) finished propagating changes at 18:32:47.14 on 09 Sep 2019
[2019-09-09 18:32:48 +0900] Sync Log:  Synchronization complete at 18:32:47  (1 item transferred, 0 skipped, 0 failed)
[2019-09-09 18:32:49 +0900] Sync Log:  UNISON 2.51.2 (OCAML 4.06.1) started propagating changes at 18:32:48.53 on 09 Sep 2019
[2019-09-09 18:32:49 +0900] Sync Log:  [BGN] Updating file ibdata1 from /host_sync to /app_sync
[2019-09-09 18:32:50 +0900] Sync Log:  [END] Updating file ibdata1
[2019-09-09 18:32:50 +0900] Sync Log:  [BGN] Updating file laravel/sessions.ibd from /host_sync to /app_sync
[2019-09-09 18:32:50 +0900] Sync Log:  [END] Updating file laravel/sessions.ibd
[2019-09-09 18:32:50 +0900] Sync Log:  UNISON 2.51.2 (OCAML 4.06.1) finished propagating changes at 18:32:49.49 on 09 Sep 2019
[2019-09-09 18:32:50 +0900] Sync Log:  Synchronization complete at 18:32:49  (2 items transferred, 0 skipped, 0 failed)
[2019-09-09 18:37:09 +0900] Sync Log:  UNISON 2.51.2 (OCAML 4.06.1) started propagating changes at 18:37:09.20 on 09 Sep 2019
[2019-09-09 18:37:09 +0900] Sync Log:  [BGN] Updating file ib_logfile0 from /host_sync to /app_sync
[2019-09-09 18:37:10 +0900] Sync Log:  [END] Updating file ib_logfile0
[2019-09-09 18:37:10 +0900] Sync Log:  UNISON 2.51.2 (OCAML 4.06.1) finished propagating changes at 18:37:09.71 on 09 Sep 2019
[2019-09-09 18:37:10 +0900] Sync Log:  Synchronization complete at 18:37:09  (1 item transferred, 0 skipped, 0 failed)
[2019-09-09 18:37:11 +0900] Sync Log:  UNISON 2.51.2 (OCAML 4.06.1) started propagating changes at 18:37:11.29 on 09 Sep 2019
[2019-09-09 18:37:11 +0900] Sync Log:  [BGN] Updating file ibdata1 from /host_sync to /app_sync
[2019-09-09 18:37:13 +0900] Sync Log:  [END] Updating file ibdata1
[2019-09-09 18:37:13 +0900] Sync Log:  [BGN] Updating file laravel/sessions.ibd from /host_sync to /app_sync
[2019-09-09 18:37:13 +0900] Sync Log:  [END] Updating file laravel/sessions.ibd
[2019-09-09 18:37:13 +0900] Sync Log:  UNISON 2.51.2 (OCAML 4.06.1) finished propagating changes at 18:37:12.42 on 09 Sep 2019
[2019-09-09 18:37:13 +0900] Sync Log:  Synchronization complete at 18:37:12  (2 items transferred, 0 skipped, 0 failed)
[2019-09-09 18:42:00 +0900] Sync Log:  UNISON 2.51.2 (OCAML 4.06.1) started propagating changes at 18:41:59.49 on 09 Sep 2019
[2019-09-09 18:42:00 +0900] Sync Log:  [BGN] Updating file ib_logfile0 from /host_sync to /app_sync
[2019-09-09 18:42:00 +0900] Sync Log:  [END] Updating file ib_logfile0
[2019-09-09 18:42:00 +0900] Sync Log:  UNISON 2.51.2 (OCAML 4.06.1) finished propagating changes at 18:42:00.00 on 09 Sep 2019
[2019-09-09 18:42:00 +0900] Sync Log:  Synchronization complete at 18:42:00  (1 item transferred, 0 skipped, 0 failed)
[2019-09-09 18:42:02 +0900] Sync Log:  UNISON 2.51.2 (OCAML 4.06.1) started propagating changes at 18:42:01.38 on 09 Sep 2019
[2019-09-09 18:42:02 +0900] Sync Log:  [BGN] Updating file ibdata1 from /host_sync to /app_sync
[2019-09-09 18:42:02 +0900] Sync Log:  [END] Updating file ibdata1
[2019-09-09 18:42:02 +0900] Sync Log:  [BGN] Updating file laravel/sessions.ibd from /host_sync to /app_sync
[2019-09-09 18:42:02 +0900] Sync Log:  [END] Updating file laravel/sessions.ibd
[2019-09-09 18:42:02 +0900] Sync Log:  UNISON 2.51.2 (OCAML 4.06.1) finished propagating changes at 18:42:02.17 on 09 Sep 2019
[2019-09-09 18:42:02 +0900] Sync Log:  Synchronization complete at 18:42:02  (2 items transferred, 0 skipped, 0 failed)
[2019-09-09 18:46:47 +0900] Sync Log:  UNISON 2.51.2 (OCAML 4.06.1) started propagating changes at 18:46:46.82 on 09 Sep 2019
[2019-09-09 18:46:47 +0900] Sync Log:  [BGN] Updating file ibtmp1 from /host_sync to /app_sync
[2019-09-09 18:46:47 +0900] Sync Log:  [END] Updating file ibtmp1
[2019-09-09 18:46:47 +0900] Sync Log:  UNISON 2.51.2 (OCAML 4.06.1) finished propagating changes at 18:46:47.01 on 09 Sep 2019
[2019-09-09 18:46:47 +0900] Sync Log:  Synchronization complete at 18:46:47  (1 item transferred, 0 skipped, 0 failed)
[2019-09-09 19:04:56 +0900] Sync Log:  UNISON 2.51.2 (OCAML 4.06.1) started propagating changes at 19:04:56.69 on 09 Sep 2019
[2019-09-09 19:04:56 +0900] Sync Log:  [BGN] Updating file ib_buffer_pool from /host_sync to /app_sync
[2019-09-09 19:04:56 +0900] Sync Log:  [END] Updating file ib_buffer_pool
[2019-09-09 19:04:56 +0900] Sync Log:  UNISON 2.51.2 (OCAML 4.06.1) finished propagating changes at 19:04:56.69 on 09 Sep 2019
[2019-09-09 19:04:56 +0900] Sync Log:  Synchronization complete at 19:04:56  (1 item transferred, 0 skipped, 0 failed)
[2019-09-09 19:04:59 +0900] Sync Log:  UNISON 2.51.2 (OCAML 4.06.1) started propagating changes at 19:04:59.00 on 09 Sep 2019
[2019-09-09 19:04:59 +0900] Sync Log:  [BGN] Updating file ib_logfile0 from /host_sync to /app_sync
[2019-09-09 19:04:59 +0900] Sync Log:  [END] Updating file ib_logfile0
[2019-09-09 19:04:59 +0900] Sync Log:  [BGN] Updating file ibdata1 from /host_sync to /app_sync
[2019-09-09 19:05:00 +0900] Sync Log:  [END] Updating file ibdata1
[2019-09-09 19:05:00 +0900] Sync Log:  [BGN] Deleting 62dd83ef7c6f.pid from /app_sync
[2019-09-09 19:05:00 +0900] Sync Log:  [END] Deleting 62dd83ef7c6f.pid
[2019-09-09 19:05:00 +0900] Sync Log:  [BGN] Deleting ibtmp1 from /app_sync
[2019-09-09 19:05:00 +0900] Sync Log:  [END] Deleting ibtmp1
[2019-09-09 19:05:00 +0900] Sync Log:  UNISON 2.51.2 (OCAML 4.06.1) finished propagating changes at 19:05:00.57 on 09 Sep 2019
[2019-09-09 19:05:00 +0900] Sync Log:  Synchronization complete at 19:05:00  (4 items transferred, 0 skipped, 0 failed)
[2019-09-09 19:07:07 +0900] Sync Log:  UNISON 2.51.2 (OCAML 4.06.1) started propagating changes at 19:07:06.76 on 09 Sep 2019
[2019-09-09 19:07:07 +0900] Sync Log:  [BGN] Updating file storage/logs/laravel-2019-09-09.log from /host_sync to /app_sync
[2019-09-09 19:07:07 +0900] Sync Log:  [END] Updating file storage/logs/laravel-2019-09-09.log
[2019-09-09 19:07:07 +0900] Sync Log:  UNISON 2.51.2 (OCAML 4.06.1) finished propagating changes at 19:07:06.79 on 09 Sep 2019
[2019-09-09 19:07:07 +0900] Sync Log:  Synchronization complete at 19:07:06  (1 item transferred, 0 skipped, 0 failed)
[2019-09-09 19:08:13 +0900] Sync Log:  UNISON 2.51.2 (OCAML 4.06.1) started propagating changes at 19:08:13.25 on 09 Sep 2019
[2019-09-09 19:08:13 +0900] Sync Log:  [BGN] Updating file storage/logs/laravel-2019-09-09.log from /host_sync to /app_sync
[2019-09-09 19:08:13 +0900] Sync Log:  [END] Updating file storage/logs/laravel-2019-09-09.log
[2019-09-09 19:08:13 +0900] Sync Log:  UNISON 2.51.2 (OCAML 4.06.1) finished propagating changes at 19:08:13.26 on 09 Sep 2019
[2019-09-09 19:08:13 +0900] Sync Log:  Synchronization complete at 19:08:13  (1 item transferred, 0 skipped, 0 failed)
[2019-09-09 19:09:33 +0900] Sync Log:  UNISON 2.51.2 (OCAML 4.06.1) started propagating changes at 19:09:32.54 on 09 Sep 2019
[2019-09-09 19:09:33 +0900] Sync Log:  [BGN] Updating file .env from /host_sync to /app_sync
[2019-09-09 19:09:33 +0900] Sync Log:  [END] Updating file .env
[2019-09-09 19:09:33 +0900] Sync Log:  UNISON 2.51.2 (OCAML 4.06.1) finished propagating changes at 19:09:32.55 on 09 Sep 2019
[2019-09-09 19:09:33 +0900] Sync Log:  Synchronization complete at 19:09:32  (1 item transferred, 0 skipped, 0 failed)
[2019-09-09 19:09:36 +0900] Sync Log:  UNISON 2.51.2 (OCAML 4.06.1) started propagating changes at 19:09:35.47 on 09 Sep 2019
[2019-09-09 19:09:36 +0900] Sync Log:  [BGN] Updating file storage/logs/laravel-2019-09-09.log from /host_sync to /app_sync
[2019-09-09 19:09:36 +0900] Sync Log:  [END] Updating file storage/logs/laravel-2019-09-09.log
[2019-09-09 19:09:36 +0900] Sync Log:  UNISON 2.51.2 (OCAML 4.06.1) finished propagating changes at 19:09:35.48 on 09 Sep 2019
[2019-09-09 19:09:36 +0900] Sync Log:  Synchronization complete at 19:09:35  (1 item transferred, 0 skipped, 0 failed)
[2019-09-09 19:11:04 +0900] Sync Log:  UNISON 2.51.2 (OCAML 4.06.1) started propagating changes at 19:11:03.93 on 09 Sep 2019
[2019-09-09 19:11:04 +0900] Sync Log:  [BGN] Updating file storage/logs/laravel-2019-09-09.log from /host_sync to /app_sync
[2019-09-09 19:11:04 +0900] Sync Log:  [END] Updating file storage/logs/laravel-2019-09-09.log
[2019-09-09 19:11:04 +0900] Sync Log:  UNISON 2.51.2 (OCAML 4.06.1) finished propagating changes at 19:11:03.94 on 09 Sep 2019
[2019-09-09 19:11:04 +0900] Sync Log:  Synchronization complete at 19:11:03  (1 item transferred, 0 skipped, 0 failed)
[2019-09-09 19:12:09 +0900] Sync Log:  UNISON 2.51.2 (OCAML 4.06.1) started propagating changes at 19:12:08.84 on 09 Sep 2019
[2019-09-09 19:12:09 +0900] Sync Log:  [BGN] Updating file .env from /host_sync to /app_sync
[2019-09-09 19:12:09 +0900] Sync Log:  [END] Updating file .env
[2019-09-09 19:12:09 +0900] Sync Log:  UNISON 2.51.2 (OCAML 4.06.1) finished propagating changes at 19:12:08.84 on 09 Sep 2019
[2019-09-09 19:12:09 +0900] Sync Log:  Synchronization complete at 19:12:08  (1 item transferred, 0 skipped, 0 failed)
[2019-09-09 19:12:24 +0900] Sync Log:  UNISON 2.51.2 (OCAML 4.06.1) started propagating changes at 19:12:23.83 on 09 Sep 2019
[2019-09-09 19:12:24 +0900] Sync Log:  [BGN] Updating file storage/logs/laravel-2019-09-09.log from /host_sync to /app_sync
[2019-09-09 19:12:24 +0900] Sync Log:  [END] Updating file storage/logs/laravel-2019-09-09.log
[2019-09-09 19:12:24 +0900] Sync Log:  UNISON 2.51.2 (OCAML 4.06.1) finished propagating changes at 19:12:23.84 on 09 Sep 2019
[2019-09-09 19:12:24 +0900] Sync Log:  Synchronization complete at 19:12:24  (1 item transferred, 0 skipped, 0 failed)
[2019-09-09 19:13:06 +0900] Sync Log:  UNISON 2.51.2 (OCAML 4.06.1) started propagating changes at 19:13:06.35 on 09 Sep 2019
[2019-09-09 19:13:06 +0900] Sync Log:  [BGN] Updating file .env from /host_sync to /app_sync
[2019-09-09 19:13:06 +0900] Sync Log:  [END] Updating file .env
[2019-09-09 19:13:06 +0900] Sync Log:  UNISON 2.51.2 (OCAML 4.06.1) finished propagating changes at 19:13:06.36 on 09 Sep 2019
[2019-09-09 19:13:06 +0900] Sync Log:  Synchronization complete at 19:13:06  (1 item transferred, 0 skipped, 0 failed)
[2019-09-09 19:13:53 +0900] Sync Log:  UNISON 2.51.2 (OCAML 4.06.1) started propagating changes at 19:13:53.19 on 09 Sep 2019
[2019-09-09 19:13:53 +0900] Sync Log:  [BGN] Updating file storage/logs/laravel-2019-09-09.log from /host_sync to /app_sync
[2019-09-09 19:13:53 +0900] Sync Log:  [END] Updating file storage/logs/laravel-2019-09-09.log
[2019-09-09 19:13:53 +0900] Sync Log:  UNISON 2.51.2 (OCAML 4.06.1) finished propagating changes at 19:13:53.20 on 09 Sep 2019
[2019-09-09 19:13:53 +0900] Sync Log:  Synchronization complete at 19:13:53  (1 item transferred, 0 skipped, 0 failed)
[2019-09-09 19:52:15 +0900] Sync Log:  UNISON 2.51.2 (OCAML 4.06.1) started propagating changes at 19:52:14.86 on 09 Sep 2019
[2019-09-09 19:52:15 +0900] Sync Log:  [BGN] Copying 09d8948dbc6d.pid from /host_sync to /app_sync
[2019-09-09 19:52:15 +0900] Sync Log:  [END] Copying 09d8948dbc6d.pid
[2019-09-09 19:52:15 +0900] Sync Log:  [BGN] Copying ibtmp1 from /host_sync to /app_sync
[2019-09-09 19:52:15 +0900] Sync Log:  [END] Copying ibtmp1
[2019-09-09 19:52:15 +0900] Sync Log:  UNISON 2.51.2 (OCAML 4.06.1) finished propagating changes at 19:52:14.96 on 09 Sep 2019
[2019-09-09 19:52:15 +0900] Sync Log:  Synchronization complete at 19:52:14  (2 items transferred, 0 skipped, 0 failed)
[2019-09-09 19:52:17 +0900] Sync Log:  UNISON 2.51.2 (OCAML 4.06.1) started propagating changes at 19:52:16.76 on 09 Sep 2019
[2019-09-09 19:52:17 +0900] Sync Log:  [BGN] Updating file ib_logfile0 from /host_sync to /app_sync
[2019-09-09 19:52:18 +0900] Sync Log:  [END] Updating file ib_logfile0
[2019-09-09 19:52:18 +0900] Sync Log:  [BGN] Updating file ibdata1 from /host_sync to /app_sync
[2019-09-09 19:52:18 +0900] Sync Log:  [END] Updating file ibdata1
[2019-09-09 19:52:18 +0900] Sync Log:  UNISON 2.51.2 (OCAML 4.06.1) finished propagating changes at 19:52:18.05 on 09 Sep 2019
[2019-09-09 19:52:18 +0900] Sync Log:  Synchronization complete at 19:52:18  (2 items transferred, 0 skipped, 0 failed)
[2019-09-09 19:52:46 +0900] Sync Log:  UNISON 2.51.2 (OCAML 4.06.1) started propagating changes at 19:52:45.30 on 09 Sep 2019
[2019-09-09 19:52:46 +0900] Sync Log:  [BGN] Updating file ib_logfile0 from /host_sync to /app_sync
[2019-09-09 19:52:46 +0900] Sync Log:  [END] Updating file ib_logfile0
[2019-09-09 19:52:46 +0900] Sync Log:  UNISON 2.51.2 (OCAML 4.06.1) finished propagating changes at 19:52:46.03 on 09 Sep 2019
[2019-09-09 19:52:46 +0900] Sync Log:  Synchronization complete at 19:52:46  (1 item transferred, 0 skipped, 0 failed)
[2019-09-09 19:52:48 +0900] Sync Log:  UNISON 2.51.2 (OCAML 4.06.1) started propagating changes at 19:52:47.78 on 09 Sep 2019
[2019-09-09 19:52:48 +0900] Sync Log:  [BGN] Updating file ibdata1 from /host_sync to /app_sync
[2019-09-09 19:52:49 +0900] Sync Log:  Failed: The source file /host_sync/ibdata1
[2019-09-09 19:52:49 +0900] Sync Log:  has been modified during synchronization.  Transfer aborted.
[2019-09-09 19:52:49 +0900] Sync Log:  [BGN] Updating file laravel/sessions.ibd from /host_sync to /app_sync
[2019-09-09 19:52:49 +0900] Sync Log:  Failed: The source file /host_sync/laravel/sessions.ibd
[2019-09-09 19:52:49 +0900] Sync Log:  has been modified during synchronization.  Transfer aborted.
[2019-09-09 19:52:49 +0900] Sync Log:  UNISON 2.51.2 (OCAML 4.06.1) finished propagating changes at 19:52:49.04 on 09 Sep 2019
[2019-09-09 19:52:49 +0900] Sync Log:  Synchronization incomplete at 19:52:49  (0 items transferred, 0 skipped, 2 failed)
[2019-09-09 19:52:49 +0900] Sync Log:    failed: ibdata1
[2019-09-09 19:52:49 +0900] Sync Log:    failed: laravel/sessions.ibd
[2019-09-09 19:52:53 +0900] Sync Log:  UNISON 2.51.2 (OCAML 4.06.1) started propagating changes at 19:52:52.46 on 09 Sep 2019
[2019-09-09 19:52:53 +0900] Sync Log:  [BGN] Updating file ib_logfile0 from /host_sync to /app_sync
[2019-09-09 19:52:54 +0900] Sync Log:  Failed: The source file /host_sync/ib_logfile0
[2019-09-09 19:52:54 +0900] Sync Log:  has been modified during synchronization.  Transfer aborted.
[2019-09-09 19:52:54 +0900] Sync Log:  [BGN] Updating file ibdata1 from /host_sync to /app_sync
[2019-09-09 19:52:55 +0900] Sync Log:  [END] Updating file ibdata1
[2019-09-09 19:52:55 +0900] Sync Log:  [BGN] Updating file ibtmp1 from /host_sync to /app_sync
[2019-09-09 19:52:55 +0900] Sync Log:  [END] Updating file ibtmp1
[2019-09-09 19:52:55 +0900] Sync Log:  [BGN] Updating file laravel/sessions.ibd from /host_sync to /app_sync
[2019-09-09 19:52:55 +0900] Sync Log:  [END] Updating file laravel/sessions.ibd
[2019-09-09 19:52:55 +0900] Sync Log:  [BGN] Updating file mysql/innodb_index_stats.ibd from /host_sync to /app_sync
[2019-09-09 19:52:55 +0900] Sync Log:  [END] Updating file mysql/innodb_index_stats.ibd
[2019-09-09 19:52:55 +0900] Sync Log:  [BGN] Updating file mysql/innodb_table_stats.ibd from /host_sync to /app_sync
[2019-09-09 19:52:55 +0900] Sync Log:  [END] Updating file mysql/innodb_table_stats.ibd
[2019-09-09 19:52:55 +0900] Sync Log:  UNISON 2.51.2 (OCAML 4.06.1) finished propagating changes at 19:52:54.28 on 09 Sep 2019
[2019-09-09 19:52:55 +0900] Sync Log:  Synchronization incomplete at 19:52:54  (5 items transferred, 0 skipped, 1 failed)
[2019-09-09 19:52:55 +0900] Sync Log:    failed: ib_logfile0
[2019-09-09 19:52:56 +0900] Sync Log:  UNISON 2.51.2 (OCAML 4.06.1) started propagating changes at 19:52:55.58 on 09 Sep 2019
[2019-09-09 19:52:56 +0900] Sync Log:  [BGN] Updating file ib_logfile0 from /host_sync to /app_sync
[2019-09-09 19:52:57 +0900] Sync Log:  [END] Updating file ib_logfile0
[2019-09-09 19:52:57 +0900] Sync Log:  UNISON 2.51.2 (OCAML 4.06.1) finished propagating changes at 19:52:56.24 on 09 Sep 2019
[2019-09-09 19:52:57 +0900] Sync Log:  Synchronization complete at 19:52:56  (1 item transferred, 0 skipped, 0 failed)
[2019-09-09 19:54:01 +0900] Sync Log:  UNISON 2.51.2 (OCAML 4.06.1) started propagating changes at 19:54:00.48 on 09 Sep 2019
[2019-09-09 19:54:01 +0900] Sync Log:  [BGN] Updating file ib_buffer_pool from /host_sync to /app_sync
[2019-09-09 19:54:01 +0900] Sync Log:  Failed: The source file /host_sync/ib_buffer_pool
[2019-09-09 19:54:01 +0900] Sync Log:  has been modified but the fast update detection mechanism
[2019-09-09 19:54:01 +0900] Sync Log:  failed to detect it.  Try running once with the fastcheck
[2019-09-09 19:54:01 +0900] Sync Log:  option set to 'no'.
[2019-09-09 19:54:01 +0900] Sync Log:  UNISON 2.51.2 (OCAML 4.06.1) finished propagating changes at 19:54:00.48 on 09 Sep 2019
[2019-09-09 19:54:01 +0900] Sync Log:  Synchronization incomplete at 19:54:00  (0 items transferred, 0 skipped, 1 failed)
[2019-09-09 19:54:01 +0900] Sync Log:    failed: ib_buffer_pool
[2019-09-09 19:54:02 +0900] Sync Log:  UNISON 2.51.2 (OCAML 4.06.1) started propagating changes at 19:54:01.49 on 09 Sep 2019
[2019-09-09 19:54:02 +0900] Sync Log:  [BGN] Updating file ib_buffer_pool from /host_sync to /app_sync
[2019-09-09 19:54:02 +0900] Sync Log:  Failed: The source file /host_sync/ib_buffer_pool
[2019-09-09 19:54:02 +0900] Sync Log:  has been modified but the fast update detection mechanism
[2019-09-09 19:54:02 +0900] Sync Log:  failed to detect it.  Try running once with the fastcheck
[2019-09-09 19:54:02 +0900] Sync Log:  option set to 'no'.
[2019-09-09 19:54:02 +0900] Sync Log:  [BGN] Deleting 09d8948dbc6d.pid from /app_sync
[2019-09-09 19:54:02 +0900] Sync Log:  [END] Deleting 09d8948dbc6d.pid
[2019-09-09 19:54:02 +0900] Sync Log:  [BGN] Deleting ibtmp1 from /app_sync
[2019-09-09 19:54:02 +0900] Sync Log:  [END] Deleting ibtmp1
[2019-09-09 19:54:02 +0900] Sync Log:  UNISON 2.51.2 (OCAML 4.06.1) finished propagating changes at 19:54:01.52 on 09 Sep 2019
[2019-09-09 19:54:02 +0900] Sync Log:  Synchronization incomplete at 19:54:01  (2 items transferred, 0 skipped, 1 failed)
[2019-09-09 19:54:02 +0900] Sync Log:    failed: ib_buffer_pool
[2019-09-09 19:54:04 +0900] Sync Log:  UNISON 2.51.2 (OCAML 4.06.1) started propagating changes at 19:54:03.21 on 09 Sep 2019
[2019-09-09 19:54:04 +0900] Sync Log:  [BGN] Updating file ib_logfile0 from /host_sync to /app_sync
[2019-09-09 19:54:04 +0900] Sync Log:  [END] Updating file ib_logfile0
[2019-09-09 19:54:04 +0900] Sync Log:  [BGN] Updating file ibdata1 from /host_sync to /app_sync
[2019-09-09 19:54:05 +0900] Sync Log:  [END] Updating file ibdata1
[2019-09-09 19:54:05 +0900] Sync Log:  UNISON 2.51.2 (OCAML 4.06.1) finished propagating changes at 19:54:04.70 on 09 Sep 2019
[2019-09-09 19:54:05 +0900] Sync Log:  Synchronization complete at 19:54:04  (2 items transferred, 0 skipped, 0 failed)
[2019-09-09 19:54:07 +0900] Sync Log:  UNISON 2.51.2 (OCAML 4.06.1) started propagating changes at 19:54:06.72 on 09 Sep 2019
[2019-09-09 19:54:07 +0900] Sync Log:  [BGN] Updating file ib_buffer_pool from /host_sync to /app_sync
[2019-09-09 19:54:07 +0900] Sync Log:  [END] Updating file ib_buffer_pool
[2019-09-09 19:54:07 +0900] Sync Log:  UNISON 2.51.2 (OCAML 4.06.1) finished propagating changes at 19:54:06.72 on 09 Sep 2019
[2019-09-09 19:54:07 +0900] Sync Log:  Synchronization complete at 19:54:06  (1 item transferred, 0 skipped, 0 failed)
[2019-09-09 19:54:15 +0900] Sync Log:  UNISON 2.51.2 (OCAML 4.06.1) started propagating changes at 19:54:14.29 on 09 Sep 2019
[2019-09-09 19:54:15 +0900] Sync Log:  [BGN] Copying ibtmp1 from /host_sync to /app_sync
[2019-09-09 19:54:15 +0900] Sync Log:  [END] Copying ibtmp1
[2019-09-09 19:54:15 +0900] Sync Log:  UNISON 2.51.2 (OCAML 4.06.1) finished propagating changes at 19:54:14.40 on 09 Sep 2019
[2019-09-09 19:54:15 +0900] Sync Log:  Synchronization complete at 19:54:14  (1 item transferred, 0 skipped, 0 failed)
[2019-09-09 19:54:18 +0900] Sync Log:  UNISON 2.51.2 (OCAML 4.06.1) started propagating changes at 19:54:17.66 on 09 Sep 2019
[2019-09-09 19:54:18 +0900] Sync Log:  [BGN] Updating file ib_logfile0 from /host_sync to /app_sync
[2019-09-09 19:54:18 +0900] Sync Log:  [END] Updating file ib_logfile0
[2019-09-09 19:54:18 +0900] Sync Log:  [BGN] Updating file ibdata1 from /host_sync to /app_sync
[2019-09-09 19:54:19 +0900] Sync Log:  [END] Updating file ibdata1
[2019-09-09 19:54:19 +0900] Sync Log:  UNISON 2.51.2 (OCAML 4.06.1) finished propagating changes at 19:54:19.03 on 09 Sep 2019
[2019-09-09 19:54:19 +0900] Sync Log:  Synchronization complete at 19:54:19  (2 items transferred, 0 skipped, 0 failed)
[2019-09-09 19:54:20 +0900] Sync Log:  UNISON 2.51.2 (OCAML 4.06.1) started propagating changes at 19:54:20.05 on 09 Sep 2019
[2019-09-09 19:54:20 +0900] Sync Log:  [BGN] Copying abe6654ea9f0.pid from /host_sync to /app_sync
[2019-09-09 19:54:20 +0900] Sync Log:  [END] Copying abe6654ea9f0.pid
[2019-09-09 19:54:20 +0900] Sync Log:  UNISON 2.51.2 (OCAML 4.06.1) finished propagating changes at 19:54:20.06 on 09 Sep 2019
[2019-09-09 19:54:20 +0900] Sync Log:  Synchronization complete at 19:54:20  (1 item transferred, 0 skipped, 0 failed)
[2019-09-09 19:54:48 +0900] Sync Log:  UNISON 2.51.2 (OCAML 4.06.1) started propagating changes at 19:54:48.05 on 09 Sep 2019
[2019-09-09 19:54:48 +0900] Sync Log:  [BGN] Updating file ibtmp1 from /host_sync to /app_sync
[2019-09-09 19:54:48 +0900] Sync Log:  [END] Updating file ibtmp1
[2019-09-09 19:54:48 +0900] Sync Log:  UNISON 2.51.2 (OCAML 4.06.1) finished propagating changes at 19:54:48.18 on 09 Sep 2019
[2019-09-09 19:54:48 +0900] Sync Log:  Synchronization complete at 19:54:48  (1 item transferred, 0 skipped, 0 failed)
[2019-09-09 20:05:48 +0900] Sync Log:  UNISON 2.51.2 (OCAML 4.06.1) started propagating changes at 20:05:48.84 on 09 Sep 2019
[2019-09-09 20:05:48 +0900] Sync Log:  [BGN] Updating file tests/Unit/ExampleTest.php from /host_sync to /app_sync
[2019-09-09 20:05:48 +0900] Sync Log:  [END] Updating file tests/Unit/ExampleTest.php
[2019-09-09 20:05:48 +0900] Sync Log:  UNISON 2.51.2 (OCAML 4.06.1) finished propagating changes at 20:05:48.85 on 09 Sep 2019
[2019-09-09 20:05:48 +0900] Sync Log:  Synchronization complete at 20:05:48  (1 item transferred, 0 skipped, 0 failed)
[2019-09-09 20:45:48 +0900] Sync Log:  UNISON 2.51.2 (OCAML 4.06.1) started propagating changes at 20:45:47.63 on 09 Sep 2019
[2019-09-09 20:45:48 +0900] Sync Log:  [BGN] Updating file ib_buffer_pool from /host_sync to /app_sync
[2019-09-09 20:45:48 +0900] Sync Log:  Failed: The source file /host_sync/ib_buffer_pool
[2019-09-09 20:45:48 +0900] Sync Log:  has been modified but the fast update detection mechanism
[2019-09-09 20:45:48 +0900] Sync Log:  failed to detect it.  Try running once with the fastcheck
[2019-09-09 20:45:48 +0900] Sync Log:  option set to 'no'.
[2019-09-09 20:45:48 +0900] Sync Log:  UNISON 2.51.2 (OCAML 4.06.1) finished propagating changes at 20:45:47.63 on 09 Sep 2019
[2019-09-09 20:45:48 +0900] Sync Log:  Synchronization incomplete at 20:45:47  (0 items transferred, 0 skipped, 1 failed)
[2019-09-09 20:45:48 +0900] Sync Log:    failed: ib_buffer_pool
[2019-09-09 20:45:49 +0900] Sync Log:  UNISON 2.51.2 (OCAML 4.06.1) started propagating changes at 20:45:48.64 on 09 Sep 2019
[2019-09-09 20:45:49 +0900] Sync Log:  [BGN] Updating file ib_buffer_pool from /host_sync to /app_sync
[2019-09-09 20:45:49 +0900] Sync Log:  Failed: The source file /host_sync/ib_buffer_pool
[2019-09-09 20:45:49 +0900] Sync Log:  has been modified but the fast update detection mechanism
[2019-09-09 20:45:49 +0900] Sync Log:  failed to detect it.  Try running once with the fastcheck
[2019-09-09 20:45:49 +0900] Sync Log:  option set to 'no'.
[2019-09-09 20:45:49 +0900] Sync Log:  [BGN] Deleting abe6654ea9f0.pid from /app_sync
[2019-09-09 20:45:49 +0900] Sync Log:  [END] Deleting abe6654ea9f0.pid
[2019-09-09 20:45:49 +0900] Sync Log:  [BGN] Deleting ibtmp1 from /app_sync
[2019-09-09 20:45:49 +0900] Sync Log:  [END] Deleting ibtmp1
[2019-09-09 20:45:49 +0900] Sync Log:  UNISON 2.51.2 (OCAML 4.06.1) finished propagating changes at 20:45:48.67 on 09 Sep 2019
[2019-09-09 20:45:49 +0900] Sync Log:  Synchronization incomplete at 20:45:48  (2 items transferred, 0 skipped, 1 failed)
[2019-09-09 20:45:49 +0900] Sync Log:    failed: ib_buffer_pool
[2019-09-09 20:45:51 +0900] Sync Log:  UNISON 2.51.2 (OCAML 4.06.1) started propagating changes at 20:45:50.61 on 09 Sep 2019
[2019-09-09 20:45:51 +0900] Sync Log:  [BGN] Updating file ib_logfile0 from /host_sync to /app_sync
[2019-09-09 20:45:52 +0900] Sync Log:  [END] Updating file ib_logfile0
[2019-09-09 20:45:52 +0900] Sync Log:  [BGN] Updating file ibdata1 from /host_sync to /app_sync
[2019-09-09 20:45:53 +0900] Sync Log:  [END] Updating file ibdata1
[2019-09-09 20:45:53 +0900] Sync Log:  UNISON 2.51.2 (OCAML 4.06.1) finished propagating changes at 20:45:52.58 on 09 Sep 2019
[2019-09-09 20:45:53 +0900] Sync Log:  Synchronization complete at 20:45:52  (2 items transferred, 0 skipped, 0 failed)
[2019-09-09 20:45:55 +0900] Sync Log:  UNISON 2.51.2 (OCAML 4.06.1) started propagating changes at 20:45:54.60 on 09 Sep 2019
[2019-09-09 20:45:55 +0900] Sync Log:  [BGN] Updating file ib_buffer_pool from /host_sync to /app_sync
[2019-09-09 20:45:55 +0900] Sync Log:  [END] Updating file ib_buffer_pool
[2019-09-09 20:45:55 +0900] Sync Log:  UNISON 2.51.2 (OCAML 4.06.1) finished propagating changes at 20:45:54.60 on 09 Sep 2019
[2019-09-09 20:45:55 +0900] Sync Log:  Synchronization complete at 20:45:54  (1 item transferred, 0 skipped, 0 failed)
[2019-09-09 20:47:21 +0900] Sync Log:  UNISON 2.51.2 (OCAML 4.06.1) started propagating changes at 20:47:20.93 on 09 Sep 2019
[2019-09-09 20:47:21 +0900] Sync Log:  [BGN] Updating file ib_buffer_pool from /host_sync to /app_sync
[2019-09-09 20:47:21 +0900] Sync Log:  Failed: The source file /host_sync/ib_buffer_pool
[2019-09-09 20:47:21 +0900] Sync Log:  has been modified but the fast update detection mechanism
[2019-09-09 20:47:21 +0900] Sync Log:  failed to detect it.  Try running once with the fastcheck
[2019-09-09 20:47:21 +0900] Sync Log:  option set to 'no'.
[2019-09-09 20:47:21 +0900] Sync Log:  UNISON 2.51.2 (OCAML 4.06.1) finished propagating changes at 20:47:20.94 on 09 Sep 2019
[2019-09-09 20:47:21 +0900] Sync Log:  Synchronization incomplete at 20:47:20  (0 items transferred, 0 skipped, 1 failed)
[2019-09-09 20:47:21 +0900] Sync Log:    failed: ib_buffer_pool
[2019-09-09 20:47:22 +0900] Sync Log:  UNISON 2.51.2 (OCAML 4.06.1) started propagating changes at 20:47:21.95 on 09 Sep 2019
[2019-09-09 20:47:22 +0900] Sync Log:  [BGN] Updating file ib_buffer_pool from /host_sync to /app_sync
[2019-09-09 20:47:22 +0900] Sync Log:  Failed: The source file /host_sync/ib_buffer_pool
[2019-09-09 20:47:22 +0900] Sync Log:  has been modified but the fast update detection mechanism
[2019-09-09 20:47:22 +0900] Sync Log:  failed to detect it.  Try running once with the fastcheck
[2019-09-09 20:47:22 +0900] Sync Log:  option set to 'no'.
[2019-09-09 20:47:22 +0900] Sync Log:  UNISON 2.51.2 (OCAML 4.06.1) finished propagating changes at 20:47:21.96 on 09 Sep 2019
[2019-09-09 20:47:22 +0900] Sync Log:  Synchronization incomplete at 20:47:21  (0 items transferred, 0 skipped, 1 failed)
[2019-09-09 20:47:22 +0900] Sync Log:    failed: ib_buffer_pool
[2019-09-09 20:47:24 +0900] Sync Log:  UNISON 2.51.2 (OCAML 4.06.1) started propagating changes at 20:47:23.71 on 09 Sep 2019
[2019-09-09 20:47:24 +0900] Sync Log:  [BGN] Updating file ib_logfile0 from /host_sync to /app_sync
[2019-09-09 20:47:24 +0900] Sync Log:  [END] Updating file ib_logfile0
[2019-09-09 20:47:24 +0900] Sync Log:  [BGN] Updating file ibdata1 from /host_sync to /app_sync
[2019-09-09 20:47:25 +0900] Sync Log:  [END] Updating file ibdata1
[2019-09-09 20:47:25 +0900] Sync Log:  UNISON 2.51.2 (OCAML 4.06.1) finished propagating changes at 20:47:24.97 on 09 Sep 2019
[2019-09-09 20:47:25 +0900] Sync Log:  Synchronization complete at 20:47:24  (2 items transferred, 0 skipped, 0 failed)
[2019-09-09 20:47:27 +0900] Sync Log:  UNISON 2.51.2 (OCAML 4.06.1) started propagating changes at 20:47:26.99 on 09 Sep 2019
[2019-09-09 20:47:27 +0900] Sync Log:  [BGN] Updating file ib_buffer_pool from /host_sync to /app_sync
[2019-09-09 20:47:27 +0900] Sync Log:  [END] Updating file ib_buffer_pool
[2019-09-09 20:47:27 +0900] Sync Log:  UNISON 2.51.2 (OCAML 4.06.1) finished propagating changes at 20:47:26.99 on 09 Sep 2019
[2019-09-09 20:47:27 +0900] Sync Log:  Synchronization complete at 20:47:26  (1 item transferred, 0 skipped, 0 failed)
[2019-09-09 20:47:54 +0900] Sync Log:  UNISON 2.51.2 (OCAML 4.06.1) started propagating changes at 20:47:54.20 on 09 Sep 2019
[2019-09-09 20:47:54 +0900] Sync Log:  [BGN] Copying ibtmp1 from /host_sync to /app_sync
[2019-09-09 20:47:55 +0900] Sync Log:  [END] Copying ibtmp1
[2019-09-09 20:47:55 +0900] Sync Log:  UNISON 2.51.2 (OCAML 4.06.1) finished propagating changes at 20:47:54.30 on 09 Sep 2019
[2019-09-09 20:47:55 +0900] Sync Log:  Synchronization complete at 20:47:54  (1 item transferred, 0 skipped, 0 failed)
[2019-09-09 20:47:56 +0900] Sync Log:  UNISON 2.51.2 (OCAML 4.06.1) started propagating changes at 20:47:55.54 on 09 Sep 2019
[2019-09-09 20:47:56 +0900] Sync Log:  [BGN] Updating file ib_logfile0 from /host_sync to /app_sync
[2019-09-09 20:47:56 +0900] Sync Log:  [END] Updating file ib_logfile0
[2019-09-09 20:47:56 +0900] Sync Log:  UNISON 2.51.2 (OCAML 4.06.1) finished propagating changes at 20:47:56.08 on 09 Sep 2019
[2019-09-09 20:47:56 +0900] Sync Log:  Synchronization complete at 20:47:56  (1 item transferred, 0 skipped, 0 failed)
[2019-09-09 20:47:58 +0900] Sync Log:  UNISON 2.51.2 (OCAML 4.06.1) started propagating changes at 20:47:57.31 on 09 Sep 2019
[2019-09-09 20:47:58 +0900] Sync Log:  [BGN] Copying bee08e1527f0.pid from /host_sync to /app_sync
[2019-09-09 20:47:58 +0900] Sync Log:  [END] Copying bee08e1527f0.pid
[2019-09-09 20:47:58 +0900] Sync Log:  [BGN] Updating file ib_logfile0 from /host_sync to /app_sync
[2019-09-09 20:47:58 +0900] Sync Log:  [END] Updating file ib_logfile0
[2019-09-09 20:47:58 +0900] Sync Log:  UNISON 2.51.2 (OCAML 4.06.1) finished propagating changes at 20:47:57.84 on 09 Sep 2019
[2019-09-09 20:47:58 +0900] Sync Log:  Synchronization complete at 20:47:57  (2 items transferred, 0 skipped, 0 failed)
[2019-09-09 20:48:00 +0900] Sync Log:  UNISON 2.51.2 (OCAML 4.06.1) started propagating changes at 20:47:59.24 on 09 Sep 2019
[2019-09-09 20:48:00 +0900] Sync Log:  [BGN] Updating file ibdata1 from /host_sync to /app_sync
[2019-09-09 20:48:00 +0900] Sync Log:  [END] Updating file ibdata1
[2019-09-09 20:48:00 +0900] Sync Log:  UNISON 2.51.2 (OCAML 4.06.1) finished propagating changes at 20:48:00.05 on 09 Sep 2019
[2019-09-09 20:48:00 +0900] Sync Log:  Synchronization complete at 20:48:00  (1 item transferred, 0 skipped, 0 failed)
[2019-09-09 20:48:14 +0900] Sync Log:  UNISON 2.51.2 (OCAML 4.06.1) started propagating changes at 20:48:14.08 on 09 Sep 2019
[2019-09-09 20:48:14 +0900] Sync Log:  [BGN] Updating file ib_buffer_pool from /host_sync to /app_sync
[2019-09-09 20:48:14 +0900] Sync Log:  Failed: The source file /host_sync/ib_buffer_pool
[2019-09-09 20:48:14 +0900] Sync Log:  has been modified but the fast update detection mechanism
[2019-09-09 20:48:14 +0900] Sync Log:  failed to detect it.  Try running once with the fastcheck
[2019-09-09 20:48:14 +0900] Sync Log:  option set to 'no'.
[2019-09-09 20:48:14 +0900] Sync Log:  UNISON 2.51.2 (OCAML 4.06.1) finished propagating changes at 20:48:14.08 on 09 Sep 2019
[2019-09-09 20:48:14 +0900] Sync Log:  Synchronization incomplete at 20:48:14  (0 items transferred, 0 skipped, 1 failed)
[2019-09-09 20:48:14 +0900] Sync Log:    failed: ib_buffer_pool
[2019-09-09 20:48:15 +0900] Sync Log:  UNISON 2.51.2 (OCAML 4.06.1) started propagating changes at 20:48:15.10 on 09 Sep 2019
[2019-09-09 20:48:15 +0900] Sync Log:  [BGN] Updating file ib_buffer_pool from /host_sync to /app_sync
[2019-09-09 20:48:15 +0900] Sync Log:  Failed: The source file /host_sync/ib_buffer_pool
[2019-09-09 20:48:15 +0900] Sync Log:  has been modified but the fast update detection mechanism
[2019-09-09 20:48:15 +0900] Sync Log:  failed to detect it.  Try running once with the fastcheck
[2019-09-09 20:48:15 +0900] Sync Log:  option set to 'no'.
[2019-09-09 20:48:15 +0900] Sync Log:  [BGN] Deleting bee08e1527f0.pid from /app_sync
[2019-09-09 20:48:15 +0900] Sync Log:  [END] Deleting bee08e1527f0.pid
[2019-09-09 20:48:15 +0900] Sync Log:  UNISON 2.51.2 (OCAML 4.06.1) finished propagating changes at 20:48:15.10 on 09 Sep 2019
[2019-09-09 20:48:15 +0900] Sync Log:  Synchronization incomplete at 20:48:15  (1 item transferred, 0 skipped, 1 failed)
[2019-09-09 20:48:15 +0900] Sync Log:    failed: ib_buffer_pool
[2019-09-09 20:48:17 +0900] Sync Log:  UNISON 2.51.2 (OCAML 4.06.1) started propagating changes at 20:48:16.76 on 09 Sep 2019
[2019-09-09 20:48:17 +0900] Sync Log:  [BGN] Updating file ib_logfile0 from /host_sync to /app_sync
[2019-09-09 20:48:18 +0900] Sync Log:  [END] Updating file ib_logfile0
[2019-09-09 20:48:18 +0900] Sync Log:  [BGN] Updating file ibdata1 from /host_sync to /app_sync
[2019-09-09 20:48:18 +0900] Sync Log:  [END] Updating file ibdata1
[2019-09-09 20:48:18 +0900] Sync Log:  [BGN] Deleting ibtmp1 from /app_sync
[2019-09-09 20:48:18 +0900] Sync Log:  [END] Deleting ibtmp1
[2019-09-09 20:48:18 +0900] Sync Log:  UNISON 2.51.2 (OCAML 4.06.1) finished propagating changes at 20:48:18.18 on 09 Sep 2019
[2019-09-09 20:48:18 +0900] Sync Log:  Synchronization complete at 20:48:18  (3 items transferred, 0 skipped, 0 failed)
[2019-09-09 20:48:20 +0900] Sync Log:  UNISON 2.51.2 (OCAML 4.06.1) started propagating changes at 20:48:20.23 on 09 Sep 2019
[2019-09-09 20:48:20 +0900] Sync Log:  [BGN] Updating file ib_buffer_pool from /host_sync to /app_sync
[2019-09-09 20:48:20 +0900] Sync Log:  [END] Updating file ib_buffer_pool
[2019-09-09 20:48:20 +0900] Sync Log:  UNISON 2.51.2 (OCAML 4.06.1) finished propagating changes at 20:48:20.24 on 09 Sep 2019
[2019-09-09 20:48:20 +0900] Sync Log:  Synchronization complete at 20:48:20  (1 item transferred, 0 skipped, 0 failed)
[2019-09-09 21:10:44 +0900] Sync Log:  UNISON 2.51.2 (OCAML 4.06.1) started propagating changes at 21:10:44.04 on 09 Sep 2019
[2019-09-09 21:10:44 +0900] Sync Log:  [BGN] Copying a75d5de11362.pid from /host_sync to /app_sync
[2019-09-09 21:10:44 +0900] Sync Log:  [END] Copying a75d5de11362.pid
[2019-09-09 21:10:44 +0900] Sync Log:  [BGN] Copying ibtmp1 from /host_sync to /app_sync
[2019-09-09 21:10:44 +0900] Sync Log:  [END] Copying ibtmp1
[2019-09-09 21:10:44 +0900] Sync Log:  UNISON 2.51.2 (OCAML 4.06.1) finished propagating changes at 21:10:44.16 on 09 Sep 2019
[2019-09-09 21:10:44 +0900] Sync Log:  Synchronization complete at 21:10:44  (2 items transferred, 0 skipped, 0 failed)
[2019-09-09 21:10:46 +0900] Sync Log:  UNISON 2.51.2 (OCAML 4.06.1) started propagating changes at 21:10:46.11 on 09 Sep 2019
[2019-09-09 21:10:46 +0900] Sync Log:  [BGN] Updating file ib_logfile0 from /host_sync to /app_sync
[2019-09-09 21:10:47 +0900] Sync Log:  [END] Updating file ib_logfile0
[2019-09-09 21:10:47 +0900] Sync Log:  [BGN] Updating file ibdata1 from /host_sync to /app_sync
[2019-09-09 21:10:47 +0900] Sync Log:  [END] Updating file ibdata1
[2019-09-09 21:10:47 +0900] Sync Log:  UNISON 2.51.2 (OCAML 4.06.1) finished propagating changes at 21:10:47.57 on 09 Sep 2019
[2019-09-09 21:10:47 +0900] Sync Log:  Synchronization complete at 21:10:47  (2 items transferred, 0 skipped, 0 failed)
[2019-09-09 21:11:19 +0900] Sync Log:  UNISON 2.51.2 (OCAML 4.06.1) started propagating changes at 21:11:18.91 on 09 Sep 2019
[2019-09-09 21:11:19 +0900] Sync Log:  [BGN] Updating file ibtmp1 from /host_sync to /app_sync
[2019-09-09 21:11:19 +0900] Sync Log:  [END] Updating file ibtmp1
[2019-09-09 21:11:19 +0900] Sync Log:  UNISON 2.51.2 (OCAML 4.06.1) finished propagating changes at 21:11:19.14 on 09 Sep 2019
[2019-09-09 21:11:19 +0900] Sync Log:  Synchronization complete at 21:11:19  (1 item transferred, 0 skipped, 0 failed)
[2019-09-09 21:11:24 +0900] Sync Log:  UNISON 2.51.2 (OCAML 4.06.1) started propagating changes at 21:11:24.05 on 09 Sep 2019
[2019-09-09 21:11:24 +0900] Sync Log:  [BGN] Updating file ib_logfile0 from /host_sync to /app_sync
[2019-09-09 21:11:25 +0900] Sync Log:  Failed: The source file /host_sync/ib_logfile0
[2019-09-09 21:11:25 +0900] Sync Log:  has been modified during synchronization.  Transfer aborted.
[2019-09-09 21:11:25 +0900] Sync Log:  UNISON 2.51.2 (OCAML 4.06.1) finished propagating changes at 21:11:24.99 on 09 Sep 2019
[2019-09-09 21:11:25 +0900] Sync Log:  Synchronization incomplete at 21:11:24  (0 items transferred, 0 skipped, 1 failed)
[2019-09-09 21:11:25 +0900] Sync Log:    failed: ib_logfile0
[2019-09-09 21:11:28 +0900] Sync Log:  UNISON 2.51.2 (OCAML 4.06.1) started propagating changes at 21:11:28.19 on 09 Sep 2019
[2019-09-09 21:11:28 +0900] Sync Log:  [BGN] Copying 8d5abb2010f5.pid from /host_sync to /app_sync
[2019-09-09 21:11:28 +0900] Sync Log:  [END] Copying 8d5abb2010f5.pid
[2019-09-09 21:11:28 +0900] Sync Log:  [BGN] Updating file ib_logfile0 from /host_sync to /app_sync
[2019-09-09 21:11:29 +0900] Sync Log:  [END] Updating file ib_logfile0
[2019-09-09 21:11:29 +0900] Sync Log:  [BGN] Updating file ibdata1 from /host_sync to /app_sync
[2019-09-09 21:11:29 +0900] Sync Log:  [END] Updating file ibdata1
[2019-09-09 21:11:29 +0900] Sync Log:  [BGN] Updating file ibtmp1 from /host_sync to /app_sync
[2019-09-09 21:11:29 +0900] Sync Log:  [END] Updating file ibtmp1
[2019-09-09 21:11:29 +0900] Sync Log:  UNISON 2.51.2 (OCAML 4.06.1) finished propagating changes at 21:11:29.54 on 09 Sep 2019
[2019-09-09 21:11:29 +0900] Sync Log:  Synchronization complete at 21:11:29  (4 items transferred, 0 skipped, 0 failed)
[2019-09-09 21:12:14 +0900] Sync Log:  UNISON 2.51.2 (OCAML 4.06.1) started propagating changes at 21:12:14.17 on 09 Sep 2019
[2019-09-09 21:12:14 +0900] Sync Log:  [BGN] Updating file ib_logfile0 from /host_sync to /app_sync
[2019-09-09 21:12:15 +0900] Sync Log:  [END] Updating file ib_logfile0
[2019-09-09 21:12:15 +0900] Sync Log:  UNISON 2.51.2 (OCAML 4.06.1) finished propagating changes at 21:12:14.79 on 09 Sep 2019
[2019-09-09 21:12:15 +0900] Sync Log:  Synchronization complete at 21:12:14  (1 item transferred, 0 skipped, 0 failed)
[2019-09-09 21:12:16 +0900] Sync Log:  UNISON 2.51.2 (OCAML 4.06.1) started propagating changes at 21:12:16.48 on 09 Sep 2019
[2019-09-09 21:12:16 +0900] Sync Log:  [BGN] Updating file ib_logfile0 from /host_sync to /app_sync
[2019-09-09 21:12:17 +0900] Sync Log:  Failed: The source file /host_sync/ib_logfile0
[2019-09-09 21:12:17 +0900] Sync Log:  has been modified during synchronization.  Transfer aborted.
[2019-09-09 21:12:17 +0900] Sync Log:  [BGN] Updating file ibdata1 from /host_sync to /app_sync
[2019-09-09 21:12:18 +0900] Sync Log:  [END] Updating file ibdata1
[2019-09-09 21:12:18 +0900] Sync Log:  [BGN] Updating file laravel/users.ibd from /host_sync to /app_sync
[2019-09-09 21:12:18 +0900] Sync Log:  [END] Updating file laravel/users.ibd
[2019-09-09 21:12:18 +0900] Sync Log:  UNISON 2.51.2 (OCAML 4.06.1) finished propagating changes at 21:12:17.97 on 09 Sep 2019
[2019-09-09 21:12:18 +0900] Sync Log:  Synchronization incomplete at 21:12:17  (2 items transferred, 0 skipped, 1 failed)
[2019-09-09 21:12:18 +0900] Sync Log:    failed: ib_logfile0
[2019-09-09 21:12:19 +0900] Sync Log:  UNISON 2.51.2 (OCAML 4.06.1) started propagating changes at 21:12:19.27 on 09 Sep 2019
[2019-09-09 21:12:19 +0900] Sync Log:  [BGN] Updating file ib_logfile0 from /host_sync to /app_sync
[2019-09-09 21:12:20 +0900] Sync Log:  [END] Updating file ib_logfile0
[2019-09-09 21:12:20 +0900] Sync Log:  UNISON 2.51.2 (OCAML 4.06.1) finished propagating changes at 21:12:19.78 on 09 Sep 2019
[2019-09-09 21:12:20 +0900] Sync Log:  Synchronization complete at 21:12:19  (1 item transferred, 0 skipped, 0 failed)
[2019-09-09 21:12:54 +0900] Sync Log:  UNISON 2.51.2 (OCAML 4.06.1) started propagating changes at 21:12:54.17 on 09 Sep 2019
[2019-09-09 21:12:54 +0900] Sync Log:  [BGN] Updating file ib_logfile0 from /host_sync to /app_sync
[2019-09-09 21:12:55 +0900] Sync Log:  [END] Updating file ib_logfile0
[2019-09-09 21:12:55 +0900] Sync Log:  UNISON 2.51.2 (OCAML 4.06.1) finished propagating changes at 21:12:54.79 on 09 Sep 2019
[2019-09-09 21:12:55 +0900] Sync Log:  Synchronization complete at 21:12:54  (1 item transferred, 0 skipped, 0 failed)
[2019-09-09 21:12:56 +0900] Sync Log:  UNISON 2.51.2 (OCAML 4.06.1) started propagating changes at 21:12:56.18 on 09 Sep 2019
[2019-09-09 21:12:56 +0900] Sync Log:  [BGN] Updating file ibdata1 from /host_sync to /app_sync
[2019-09-09 21:12:57 +0900] Sync Log:  [END] Updating file ibdata1
[2019-09-09 21:12:57 +0900] Sync Log:  [BGN] Updating file laravel/users.ibd from /host_sync to /app_sync
[2019-09-09 21:12:57 +0900] Sync Log:  [END] Updating file laravel/users.ibd
[2019-09-09 21:12:57 +0900] Sync Log:  [BGN] Updating file mysql/innodb_index_stats.ibd from /host_sync to /app_sync
[2019-09-09 21:12:57 +0900] Sync Log:  [END] Updating file mysql/innodb_index_stats.ibd
[2019-09-09 21:12:57 +0900] Sync Log:  [BGN] Updating file mysql/innodb_table_stats.ibd from /host_sync to /app_sync
[2019-09-09 21:12:57 +0900] Sync Log:  [END] Updating file mysql/innodb_table_stats.ibd
[2019-09-09 21:12:57 +0900] Sync Log:  UNISON 2.51.2 (OCAML 4.06.1) finished propagating changes at 21:12:57.03 on 09 Sep 2019
[2019-09-09 21:12:57 +0900] Sync Log:  Synchronization complete at 21:12:57  (4 items transferred, 0 skipped, 0 failed)
[2019-09-09 21:13:42 +0900] Sync Log:  UNISON 2.51.2 (OCAML 4.06.1) started propagating changes at 21:13:42.52 on 09 Sep 2019
[2019-09-09 21:13:42 +0900] Sync Log:  [BGN] Updating file tests/Feature/ExampleTest.php from /host_sync to /app_sync
[2019-09-09 21:13:42 +0900] Sync Log:  [END] Updating file tests/Feature/ExampleTest.php
[2019-09-09 21:13:42 +0900] Sync Log:  UNISON 2.51.2 (OCAML 4.06.1) finished propagating changes at 21:13:42.53 on 09 Sep 2019
[2019-09-09 21:13:42 +0900] Sync Log:  Synchronization complete at 21:13:42  (1 item transferred, 0 skipped, 0 failed)
[2019-09-09 21:13:49 +0900] Sync Log:  UNISON 2.51.2 (OCAML 4.06.1) started propagating changes at 21:13:49.24 on 09 Sep 2019
[2019-09-09 21:13:49 +0900] Sync Log:  [BGN] Updating file ib_logfile0 from /host_sync to /app_sync
[2019-09-09 21:13:50 +0900] Sync Log:  [END] Updating file ib_logfile0
[2019-09-09 21:13:50 +0900] Sync Log:  UNISON 2.51.2 (OCAML 4.06.1) finished propagating changes at 21:13:49.79 on 09 Sep 2019
[2019-09-09 21:13:50 +0900] Sync Log:  Synchronization complete at 21:13:49  (1 item transferred, 0 skipped, 0 failed)
[2019-09-09 21:13:51 +0900] Sync Log:  UNISON 2.51.2 (OCAML 4.06.1) started propagating changes at 21:13:51.56 on 09 Sep 2019
[2019-09-09 21:13:51 +0900] Sync Log:  [BGN] Updating file ib_logfile0 from /host_sync to /app_sync
[2019-09-09 21:13:52 +0900] Sync Log:  Failed: The source file /host_sync/ib_logfile0
[2019-09-09 21:13:52 +0900] Sync Log:  has been modified during synchronization.  Transfer aborted.
[2019-09-09 21:13:52 +0900] Sync Log:  [BGN] Updating file ibdata1 from /host_sync to /app_sync
[2019-09-09 21:13:53 +0900] Sync Log:  [END] Updating file ibdata1
[2019-09-09 21:13:53 +0900] Sync Log:  [BGN] Updating file laravel/users.ibd from /host_sync to /app_sync
[2019-09-09 21:13:53 +0900] Sync Log:  [END] Updating file laravel/users.ibd
[2019-09-09 21:13:53 +0900] Sync Log:  [BGN] Updating file mysql/innodb_index_stats.ibd from /host_sync to /app_sync
[2019-09-09 21:13:53 +0900] Sync Log:  [END] Updating file mysql/innodb_index_stats.ibd
[2019-09-09 21:13:53 +0900] Sync Log:  [BGN] Updating file mysql/innodb_table_stats.ibd from /host_sync to /app_sync
[2019-09-09 21:13:53 +0900] Sync Log:  [END] Updating file mysql/innodb_table_stats.ibd
[2019-09-09 21:13:53 +0900] Sync Log:  UNISON 2.51.2 (OCAML 4.06.1) finished propagating changes at 21:13:53.09 on 09 Sep 2019
[2019-09-09 21:13:53 +0900] Sync Log:  Synchronization incomplete at 21:13:53  (4 items transferred, 0 skipped, 1 failed)
[2019-09-09 21:13:53 +0900] Sync Log:    failed: ib_logfile0
[2019-09-09 21:13:54 +0900] Sync Log:  UNISON 2.51.2 (OCAML 4.06.1) started propagating changes at 21:13:54.34 on 09 Sep 2019
[2019-09-09 21:13:54 +0900] Sync Log:  [BGN] Updating file ib_logfile0 from /host_sync to /app_sync
[2019-09-09 21:13:55 +0900] Sync Log:  [END] Updating file ib_logfile0
[2019-09-09 21:13:55 +0900] Sync Log:  UNISON 2.51.2 (OCAML 4.06.1) finished propagating changes at 21:13:54.85 on 09 Sep 2019
[2019-09-09 21:13:55 +0900] Sync Log:  Synchronization complete at 21:13:54  (1 item transferred, 0 skipped, 0 failed)
[2019-09-09 21:14:13 +0900] Sync Log:  UNISON 2.51.2 (OCAML 4.06.1) started propagating changes at 21:14:13.64 on 09 Sep 2019
[2019-09-09 21:14:13 +0900] Sync Log:  [BGN] Updating file tests/Feature/ExampleTest.php from /host_sync to /app_sync
[2019-09-09 21:14:13 +0900] Sync Log:  [END] Updating file tests/Feature/ExampleTest.php
[2019-09-09 21:14:13 +0900] Sync Log:  UNISON 2.51.2 (OCAML 4.06.1) finished propagating changes at 21:14:13.64 on 09 Sep 2019
[2019-09-09 21:14:13 +0900] Sync Log:  Synchronization complete at 21:14:13  (1 item transferred, 0 skipped, 0 failed)
[2019-09-09 21:14:20 +0900] Sync Log:  UNISON 2.51.2 (OCAML 4.06.1) started propagating changes at 21:14:20.46 on 09 Sep 2019
[2019-09-09 21:14:20 +0900] Sync Log:  [BGN] Updating file ib_logfile0 from /host_sync to /app_sync
[2019-09-09 21:14:21 +0900] Sync Log:  [END] Updating file ib_logfile0
[2019-09-09 21:14:21 +0900] Sync Log:  UNISON 2.51.2 (OCAML 4.06.1) finished propagating changes at 21:14:21.32 on 09 Sep 2019
[2019-09-09 21:14:21 +0900] Sync Log:  Synchronization complete at 21:14:21  (1 item transferred, 0 skipped, 0 failed)
[2019-09-09 21:14:23 +0900] Sync Log:  UNISON 2.51.2 (OCAML 4.06.1) started propagating changes at 21:14:22.85 on 09 Sep 2019
[2019-09-09 21:14:23 +0900] Sync Log:  [BGN] Updating file ibdata1 from /host_sync to /app_sync
[2019-09-09 21:14:23 +0900] Sync Log:  [END] Updating file ibdata1
[2019-09-09 21:14:23 +0900] Sync Log:  [BGN] Updating file laravel/users.ibd from /host_sync to /app_sync
[2019-09-09 21:14:23 +0900] Sync Log:  [END] Updating file laravel/users.ibd
[2019-09-09 21:14:23 +0900] Sync Log:  UNISON 2.51.2 (OCAML 4.06.1) finished propagating changes at 21:14:23.59 on 09 Sep 2019
[2019-09-09 21:14:23 +0900] Sync Log:  Synchronization complete at 21:14:23  (2 items transferred, 0 skipped, 0 failed)
[2019-09-09 21:14:25 +0900] Sync Log:  UNISON 2.51.2 (OCAML 4.06.1) started propagating changes at 21:14:24.95 on 09 Sep 2019
[2019-09-09 21:14:25 +0900] Sync Log:  [BGN] Updating file ib_logfile0 from /host_sync to /app_sync
[2019-09-09 21:14:25 +0900] Sync Log:  [END] Updating file ib_logfile0
[2019-09-09 21:14:25 +0900] Sync Log:  UNISON 2.51.2 (OCAML 4.06.1) finished propagating changes at 21:14:25.45 on 09 Sep 2019
[2019-09-09 21:14:25 +0900] Sync Log:  Synchronization complete at 21:14:25  (1 item transferred, 0 skipped, 0 failed)
[2019-09-09 21:25:33 +0900] Sync Log:  UNISON 2.51.2 (OCAML 4.06.1) started propagating changes at 21:25:33.13 on 09 Sep 2019
[2019-09-09 21:25:33 +0900] Sync Log:  [BGN] Updating file ib_logfile0 from /host_sync to /app_sync
[2019-09-09 21:25:34 +0900] Sync Log:  [END] Updating file ib_logfile0
[2019-09-09 21:25:34 +0900] Sync Log:  UNISON 2.51.2 (OCAML 4.06.1) finished propagating changes at 21:25:33.69 on 09 Sep 2019
[2019-09-09 21:25:34 +0900] Sync Log:  Synchronization complete at 21:25:33  (1 item transferred, 0 skipped, 0 failed)
[2019-09-09 21:25:35 +0900] Sync Log:  UNISON 2.51.2 (OCAML 4.06.1) started propagating changes at 21:25:35.47 on 09 Sep 2019
[2019-09-09 21:25:35 +0900] Sync Log:  [BGN] Updating file ib_logfile0 from /host_sync to /app_sync
[2019-09-09 21:25:36 +0900] Sync Log:  [END] Updating file ib_logfile0
[2019-09-09 21:25:36 +0900] Sync Log:  [BGN] Updating file ibdata1 from /host_sync to /app_sync
[2019-09-09 21:25:37 +0900] Sync Log:  [END] Updating file ibdata1
[2019-09-09 21:25:37 +0900] Sync Log:  [BGN] Updating file laravel/users.ibd from /host_sync to /app_sync
[2019-09-09 21:25:37 +0900] Sync Log:  [END] Updating file laravel/users.ibd
[2019-09-09 21:25:37 +0900] Sync Log:  [BGN] Updating file mysql/innodb_index_stats.ibd from /host_sync to /app_sync
[2019-09-09 21:25:37 +0900] Sync Log:  [END] Updating file mysql/innodb_index_stats.ibd
[2019-09-09 21:25:37 +0900] Sync Log:  [BGN] Updating file mysql/innodb_table_stats.ibd from /host_sync to /app_sync
[2019-09-09 21:25:37 +0900] Sync Log:  [END] Updating file mysql/innodb_table_stats.ibd
[2019-09-09 21:25:37 +0900] Sync Log:  UNISON 2.51.2 (OCAML 4.06.1) finished propagating changes at 21:25:36.82 on 09 Sep 2019
[2019-09-09 21:25:37 +0900] Sync Log:  Synchronization complete at 21:25:36  (5 items transferred, 0 skipped, 0 failed)
[2019-09-09 21:51:36 +0900] Sync Log:  UNISON 2.51.2 (OCAML 4.06.1) started propagating changes at 21:51:35.56 on 09 Sep 2019
[2019-09-09 21:51:36 +0900] Sync Log:  [BGN] Updating file ib_logfile0 from /host_sync to /app_sync
[2019-09-09 21:51:36 +0900] Sync Log:  [END] Updating file ib_logfile0
[2019-09-09 21:51:36 +0900] Sync Log:  UNISON 2.51.2 (OCAML 4.06.1) finished propagating changes at 21:51:36.18 on 09 Sep 2019
[2019-09-09 21:51:36 +0900] Sync Log:  Synchronization complete at 21:51:36  (1 item transferred, 0 skipped, 0 failed)
[2019-09-09 21:51:38 +0900] Sync Log:  UNISON 2.51.2 (OCAML 4.06.1) started propagating changes at 21:51:37.84 on 09 Sep 2019
[2019-09-09 21:51:38 +0900] Sync Log:  [BGN] Updating file ib_logfile0 from /host_sync to /app_sync
[2019-09-09 21:51:38 +0900] Sync Log:  Failed: The source file /host_sync/ib_logfile0
[2019-09-09 21:51:38 +0900] Sync Log:  has been modified during synchronization.  Transfer aborted.
[2019-09-09 21:51:38 +0900] Sync Log:  [BGN] Updating file ibdata1 from /host_sync to /app_sync
[2019-09-09 21:51:39 +0900] Sync Log:  [END] Updating file ibdata1
[2019-09-09 21:51:39 +0900] Sync Log:  [BGN] Updating file laravel/users.ibd from /host_sync to /app_sync
[2019-09-09 21:51:39 +0900] Sync Log:  [END] Updating file laravel/users.ibd
[2019-09-09 21:51:39 +0900] Sync Log:  [BGN] Updating file mysql/innodb_index_stats.ibd from /host_sync to /app_sync
[2019-09-09 21:51:39 +0900] Sync Log:  [END] Updating file mysql/innodb_index_stats.ibd
[2019-09-09 21:51:39 +0900] Sync Log:  [BGN] Updating file mysql/innodb_table_stats.ibd from /host_sync to /app_sync
[2019-09-09 21:51:39 +0900] Sync Log:  [END] Updating file mysql/innodb_table_stats.ibd
[2019-09-09 21:51:39 +0900] Sync Log:  UNISON 2.51.2 (OCAML 4.06.1) finished propagating changes at 21:51:39.31 on 09 Sep 2019
[2019-09-09 21:51:39 +0900] Sync Log:  Synchronization incomplete at 21:51:39  (4 items transferred, 0 skipped, 1 failed)
[2019-09-09 21:51:39 +0900] Sync Log:    failed: ib_logfile0
[2019-09-09 21:51:41 +0900] Sync Log:  UNISON 2.51.2 (OCAML 4.06.1) started propagating changes at 21:51:40.60 on 09 Sep 2019
[2019-09-09 21:51:41 +0900] Sync Log:  [BGN] Updating file ib_logfile0 from /host_sync to /app_sync
[2019-09-09 21:51:41 +0900] Sync Log:  [END] Updating file ib_logfile0
[2019-09-09 21:51:41 +0900] Sync Log:  UNISON 2.51.2 (OCAML 4.06.1) finished propagating changes at 21:51:41.12 on 09 Sep 2019
[2019-09-09 21:51:41 +0900] Sync Log:  Synchronization complete at 21:51:41  (1 item transferred, 0 skipped, 0 failed)
[2019-09-10 06:33:41 +0900] Sync Log:  Error response from daemon: dial unix docker.raw.sock: connect: connection refused
[2019-09-10 06:33:41 +0900] Sync Log:  Error response from daemon: dial unix docker.raw.sock: connect: connection refused
